0:0:0:0:0:0:0:1 - - [07/May/2015:05:35:50 +0000] "GET / HTTP/1.1" 302 - "-" "Mozilla/5.0 (Macintosh; Intel Mac OS X 10_10_3) AppleWebKit/537.36 (KHTML, like Gecko) Chrome/42.0.2311.135 Safari/537.36"
0:0:0:0:0:0:0:1 - - [07/May/2015:05:35:50 +0000] "GET /login HTTP/1.1" 200 - "-" "Mozilla/5.0 (Macintosh; Intel Mac OS X 10_10_3) AppleWebKit/537.36 (KHTML, like Gecko) Chrome/42.0.2311.135 Safari/537.36"
0:0:0:0:0:0:0:1 - - [07/May/2015:05:35:50 +0000] "GET /files/templates/home_files/css/bootstrap.min.css HTTP/1.1" 404 326 "http://localhost:8080/login" "Mozilla/5.0 (Macintosh; Intel Mac OS X 10_10_3) AppleWebKit/537.36 (KHTML, like Gecko) Chrome/42.0.2311.135 Safari/537.36"
0:0:0:0:0:0:0:1 - - [07/May/2015:05:35:50 +0000] "GET /files/templates/custom.css HTTP/1.1" 200 10178 "http://localhost:8080/login" "Mozilla/5.0 (Macintosh; Intel Mac OS X 10_10_3) AppleWebKit/537.36 (KHTML, like Gecko) Chrome/42.0.2311.135 Safari/537.36"
0:0:0:0:0:0:0:1 - - [07/May/2015:05:35:50 +0000] "GET /files/templates/icon-mail-light.png HTTP/1.1" 200 4695 "http://localhost:8080/login" "Mozilla/5.0 (Macintosh; Intel Mac OS X 10_10_3) AppleWebKit/537.36 (KHTML, like Gecko) Chrome/42.0.2311.135 Safari/537.36"
0:0:0:0:0:0:0:1 - - [07/May/2015:05:35:50 +0000] "GET /files/templates/signin.css HTTP/1.1" 200 792 "http://localhost:8080/login" "Mozilla/5.0 (Macintosh; Intel Mac OS X 10_10_3) AppleWebKit/537.36 (KHTML, like Gecko) Chrome/42.0.2311.135 Safari/537.36"
0:0:0:0:0:0:0:1 - - [07/May/2015:05:35:50 +0000] "GET /files/templates/mail.jpg HTTP/1.1" 200 16837 "http://localhost:8080/files/templates/custom.css" "Mozilla/5.0 (Macintosh; Intel Mac OS X 10_10_3) AppleWebKit/537.36 (KHTML, like Gecko) Chrome/42.0.2311.135 Safari/537.36"
0:0:0:0:0:0:0:1 - - [07/May/2015:05:36:28 +0000] "POST /loginSubmit HTTP/1.1" 302 - "http://localhost:8080/login" "Mozilla/5.0 (Macintosh; Intel Mac OS X 10_10_3) AppleWebKit/537.36 (KHTML, like Gecko) Chrome/42.0.2311.135 Safari/537.36"
0:0:0:0:0:0:0:1 - - [07/May/2015:05:36:28 +0000] "GET /in?page=1 HTTP/1.1" 200 - "http://localhost:8080/login" "Mozilla/5.0 (Macintosh; Intel Mac OS X 10_10_3) AppleWebKit/537.36 (KHTML, like Gecko) Chrome/42.0.2311.135 Safari/537.36"
0:0:0:0:0:0:0:1 - - [07/May/2015:05:36:31 +0000] "GET /files/templates/home_files/bootstrap.min.css HTTP/1.1" 404 322 "http://localhost:8080/in?page=1" "Mozilla/5.0 (Macintosh; Intel Mac OS X 10_10_3) AppleWebKit/537.36 (KHTML, like Gecko) Chrome/42.0.2311.135 Safari/537.36"
0:0:0:0:0:0:0:1 - - [07/May/2015:05:36:31 +0000] "GET /files/templates/dashboard.css HTTP/1.1" 200 1556 "http://localhost:8080/in?page=1" "Mozilla/5.0 (Macintosh; Intel Mac OS X 10_10_3) AppleWebKit/537.36 (KHTML, like Gecko) Chrome/42.0.2311.135 Safari/537.36"
0:0:0:0:0:0:0:1 - - [07/May/2015:05:36:31 +0000] "GET /files/templates/welcome01.png HTTP/1.1" 200 16121 "http://localhost:8080/in?page=1" "Mozilla/5.0 (Macintosh; Intel Mac OS X 10_10_3) AppleWebKit/537.36 (KHTML, like Gecko) Chrome/42.0.2311.135 Safari/537.36"
0:0:0:0:0:0:0:1 - - [07/May/2015:05:36:31 +0000] "GET /files/templates/home_files/holder.js HTTP/1.1" 200 23861 "http://localhost:8080/in?page=1" "Mozilla/5.0 (Macintosh; Intel Mac OS X 10_10_3) AppleWebKit/537.36 (KHTML, like Gecko) Chrome/42.0.2311.135 Safari/537.36"
0:0:0:0:0:0:0:1 - - [07/May/2015:05:36:31 +0000] "GET /files/templates/home_files/ie-emulation-modes-warning.js HTTP/1.1" 200 2132 "http://localhost:8080/in?page=1" "Mozilla/5.0 (Macintosh; Intel Mac OS X 10_10_3) AppleWebKit/537.36 (KHTML, like Gecko) Chrome/42.0.2311.135 Safari/537.36"
0:0:0:0:0:0:0:1 - - [07/May/2015:05:36:31 +0000] "GET /files/templates/home_files/ie10-viewport-bug-workaround.js HTTP/1.1" 200 694 "http://localhost:8080/in?page=1" "Mozilla/5.0 (Macintosh; Intel Mac OS X 10_10_3) AppleWebKit/537.36 (KHTML, like Gecko) Chrome/42.0.2311.135 Safari/537.36"
0:0:0:0:0:0:0:1 - - [07/May/2015:05:36:31 +0000] "GET /files/templates/trash.png HTTP/1.1" 200 5244 "http://localhost:8080/in?page=1" "Mozilla/5.0 (Macintosh; Intel Mac OS X 10_10_3) AppleWebKit/537.36 (KHTML, like Gecko) Chrome/42.0.2311.135 Safari/537.36"
0:0:0:0:0:0:0:1 - - [07/May/2015:05:36:45 +0000] "GET /sendMail HTTP/1.1" 200 - "http://localhost:8080/in?page=1" "Mozilla/5.0 (Macintosh; Intel Mac OS X 10_10_3) AppleWebKit/537.36 (KHTML, like Gecko) Chrome/42.0.2311.135 Safari/537.36"
0:0:0:0:0:0:0:1 - - [07/May/2015:05:36:45 +0000] "GET /files/templates/home_files/bootstrap.min.css HTTP/1.1" 404 322 "http://localhost:8080/sendMail" "Mozilla/5.0 (Macintosh; Intel Mac OS X 10_10_3) AppleWebKit/537.36 (KHTML, like Gecko) Chrome/42.0.2311.135 Safari/537.36"
0:0:0:0:0:0:0:1 - - [07/May/2015:05:36:48 +0000] "GET /sendMail HTTP/1.1" 200 - "http://localhost:8080/sendMail" "Mozilla/5.0 (Macintosh; Intel Mac OS X 10_10_3) AppleWebKit/537.36 (KHTML, like Gecko) Chrome/42.0.2311.135 Safari/537.36"
0:0:0:0:0:0:0:1 - - [07/May/2015:05:36:48 +0000] "GET /files/templates/home_files/bootstrap.min.css HTTP/1.1" 404 322 "http://localhost:8080/sendMail" "Mozilla/5.0 (Macintosh; Intel Mac OS X 10_10_3) AppleWebKit/537.36 (KHTML, like Gecko) Chrome/42.0.2311.135 Safari/537.36"
0:0:0:0:0:0:0:1 - - [07/May/2015:05:37:43 +0000] "GET / HTTP/1.1" 302 - "-" "Mozilla/5.0 (Macintosh; Intel Mac OS X 10_10_3) AppleWebKit/537.36 (KHTML, like Gecko) Chrome/42.0.2311.135 Safari/537.36"
0:0:0:0:0:0:0:1 - - [07/May/2015:05:37:43 +0000] "GET /login HTTP/1.1" 200 - "-" "Mozilla/5.0 (Macintosh; Intel Mac OS X 10_10_3) AppleWebKit/537.36 (KHTML, like Gecko) Chrome/42.0.2311.135 Safari/537.36"
0:0:0:0:0:0:0:1 - - [07/May/2015:05:37:43 +0000] "GET /files/templates/home_files/css/bootstrap.min.css HTTP/1.1" 404 326 "http://localhost:8080/login" "Mozilla/5.0 (Macintosh; Intel Mac OS X 10_10_3) AppleWebKit/537.36 (KHTML, like Gecko) Chrome/42.0.2311.135 Safari/537.36"
0:0:0:0:0:0:0:1 - - [07/May/2015:05:37:43 +0000] "GET /files/templates/signin.css HTTP/1.1" 304 - "http://localhost:8080/login" "Mozilla/5.0 (Macintosh; Intel Mac OS X 10_10_3) AppleWebKit/537.36 (KHTML, like Gecko) Chrome/42.0.2311.135 Safari/537.36"
0:0:0:0:0:0:0:1 - - [07/May/2015:05:37:51 +0000] "GET /files/templates/home_files/css/bootstrap.min.css HTTP/1.1" 404 326 "http://localhost:8080/login" "Mozilla/5.0 (Macintosh; Intel Mac OS X 10_10_3) AppleWebKit/537.36 (KHTML, like Gecko) Chrome/42.0.2311.135 Safari/537.36"
0:0:0:0:0:0:0:1 - - [07/May/2015:05:38:30 +0000] "GET /login HTTP/1.1" 200 - "-" "Mozilla/5.0 (Macintosh; Intel Mac OS X 10_10_3) AppleWebKit/537.36 (KHTML, like Gecko) Chrome/42.0.2311.135 Safari/537.36"
0:0:0:0:0:0:0:1 - - [07/May/2015:05:39:31 +0000] "GET /login HTTP/1.1" 200 - "-" "Mozilla/5.0 (Macintosh; Intel Mac OS X 10_10_3) AppleWebKit/537.36 (KHTML, like Gecko) Chrome/42.0.2311.135 Safari/537.36"
0:0:0:0:0:0:0:1 - - [07/May/2015:05:39:31 +0000] "GET /files/templates/signin.css HTTP/1.1" 304 - "http://localhost:8080/login" "Mozilla/5.0 (Macintosh; Intel Mac OS X 10_10_3) AppleWebKit/537.36 (KHTML, like Gecko) Chrome/42.0.2311.135 Safari/537.36"
0:0:0:0:0:0:0:1 - - [07/May/2015:05:39:35 +0000] "POST /loginSubmit HTTP/1.1" 302 - "http://localhost:8080/login" "Mozilla/5.0 (Macintosh; Intel Mac OS X 10_10_3) AppleWebKit/537.36 (KHTML, like Gecko) Chrome/42.0.2311.135 Safari/537.36"
0:0:0:0:0:0:0:1 - - [07/May/2015:05:39:35 +0000] "GET /in?page=1 HTTP/1.1" 200 - "http://localhost:8080/login" "Mozilla/5.0 (Macintosh; Intel Mac OS X 10_10_3) AppleWebKit/537.36 (KHTML, like Gecko) Chrome/42.0.2311.135 Safari/537.36"
0:0:0:0:0:0:0:1 - - [07/May/2015:05:39:38 +0000] "GET /files/templates/dashboard.css HTTP/1.1" 304 - "http://localhost:8080/in?page=1" "Mozilla/5.0 (Macintosh; Intel Mac OS X 10_10_3) AppleWebKit/537.36 (KHTML, like Gecko) Chrome/42.0.2311.135 Safari/537.36"
0:0:0:0:0:0:0:1 - - [07/May/2015:05:39:38 +0000] "GET /files/templates/home_files/bootstrap.min.css HTTP/1.1" 404 322 "http://localhost:8080/in?page=1" "Mozilla/5.0 (Macintosh; Intel Mac OS X 10_10_3) AppleWebKit/537.36 (KHTML, like Gecko) Chrome/42.0.2311.135 Safari/537.36"
0:0:0:0:0:0:0:1 - - [07/May/2015:05:41:34 +0000] "GET /login HTTP/1.1" 200 - "-" "Mozilla/5.0 (Macintosh; Intel Mac OS X 10_10_3) AppleWebKit/537.36 (KHTML, like Gecko) Chrome/42.0.2311.135 Safari/537.36"
0:0:0:0:0:0:0:1 - - [07/May/2015:05:41:34 +0000] "GET /files/templates/signin.css HTTP/1.1" 304 - "http://localhost:8080/login" "Mozilla/5.0 (Macintosh; Intel Mac OS X 10_10_3) AppleWebKit/537.36 (KHTML, like Gecko) Chrome/42.0.2311.135 Safari/537.36"
0:0:0:0:0:0:0:1 - - [07/May/2015:05:41:34 +0000] "GET /files/templates/fromweb/bootstrap.min.css HTTP/1.1" 200 117305 "http://localhost:8080/login" "Mozilla/5.0 (Macintosh; Intel Mac OS X 10_10_3) AppleWebKit/537.36 (KHTML, like Gecko) Chrome/42.0.2311.135 Safari/537.36"
0:0:0:0:0:0:0:1 - - [07/May/2015:05:41:38 +0000] "POST /loginSubmit HTTP/1.1" 302 - "http://localhost:8080/login" "Mozilla/5.0 (Macintosh; Intel Mac OS X 10_10_3) AppleWebKit/537.36 (KHTML, like Gecko) Chrome/42.0.2311.135 Safari/537.36"
0:0:0:0:0:0:0:1 - - [07/May/2015:05:41:38 +0000] "GET /in?page=1 HTTP/1.1" 200 - "http://localhost:8080/login" "Mozilla/5.0 (Macintosh; Intel Mac OS X 10_10_3) AppleWebKit/537.36 (KHTML, like Gecko) Chrome/42.0.2311.135 Safari/537.36"
0:0:0:0:0:0:0:1 - - [07/May/2015:05:41:40 +0000] "GET /files/templates/dashboard.css HTTP/1.1" 304 - "http://localhost:8080/in?page=1" "Mozilla/5.0 (Macintosh; Intel Mac OS X 10_10_3) AppleWebKit/537.36 (KHTML, like Gecko) Chrome/42.0.2311.135 Safari/537.36"
0:0:0:0:0:0:0:1 - - [07/May/2015:05:41:40 +0000] "GET /files/templates/home_files/bootstrap.min.css HTTP/1.1" 404 322 "http://localhost:8080/in?page=1" "Mozilla/5.0 (Macintosh; Intel Mac OS X 10_10_3) AppleWebKit/537.36 (KHTML, like Gecko) Chrome/42.0.2311.135 Safari/537.36"
0:0:0:0:0:0:0:1 - - [07/May/2015:05:43:24 +0000] "GET /in?page=1 HTTP/1.1" 302 - "-" "Mozilla/5.0 (Macintosh; Intel Mac OS X 10_10_3) AppleWebKit/537.36 (KHTML, like Gecko) Chrome/42.0.2311.135 Safari/537.36"
0:0:0:0:0:0:0:1 - - [07/May/2015:05:43:24 +0000] "GET /login HTTP/1.1" 200 - "-" "Mozilla/5.0 (Macintosh; Intel Mac OS X 10_10_3) AppleWebKit/537.36 (KHTML, like Gecko) Chrome/42.0.2311.135 Safari/537.36"
0:0:0:0:0:0:0:1 - - [07/May/2015:05:43:24 +0000] "GET /files/templates/fromweb/bootstrap.min.css HTTP/1.1" 304 - "http://localhost:8080/login" "Mozilla/5.0 (Macintosh; Intel Mac OS X 10_10_3) AppleWebKit/537.36 (KHTML, like Gecko) Chrome/42.0.2311.135 Safari/537.36"
0:0:0:0:0:0:0:1 - - [07/May/2015:05:43:24 +0000] "GET /files/templates/signin.css HTTP/1.1" 304 - "http://localhost:8080/login" "Mozilla/5.0 (Macintosh; Intel Mac OS X 10_10_3) AppleWebKit/537.36 (KHTML, like Gecko) Chrome/42.0.2311.135 Safari/537.36"
0:0:0:0:0:0:0:1 - - [07/May/2015:05:43:29 +0000] "POST /loginSubmit HTTP/1.1" 302 - "http://localhost:8080/login" "Mozilla/5.0 (Macintosh; Intel Mac OS X 10_10_3) AppleWebKit/537.36 (KHTML, like Gecko) Chrome/42.0.2311.135 Safari/537.36"
0:0:0:0:0:0:0:1 - - [07/May/2015:05:43:29 +0000] "GET /in?page=1 HTTP/1.1" 200 - "http://localhost:8080/login" "Mozilla/5.0 (Macintosh; Intel Mac OS X 10_10_3) AppleWebKit/537.36 (KHTML, like Gecko) Chrome/42.0.2311.135 Safari/537.36"
0:0:0:0:0:0:0:1 - - [07/May/2015:05:43:30 +0000] "GET /files/templates/dashboard.css HTTP/1.1" 304 - "http://localhost:8080/in?page=1" "Mozilla/5.0 (Macintosh; Intel Mac OS X 10_10_3) AppleWebKit/537.36 (KHTML, like Gecko) Chrome/42.0.2311.135 Safari/537.36"
0:0:0:0:0:0:0:1 - - [07/May/2015:05:43:30 +0000] "GET /files/templates/fonts/glyphicons-halflings-regular.woff2 HTTP/1.1" 404 334 "http://localhost:8080/files/templates/fromweb/bootstrap.min.css" "Mozilla/5.0 (Macintosh; Intel Mac OS X 10_10_3) AppleWebKit/537.36 (KHTML, like Gecko) Chrome/42.0.2311.135 Safari/537.36"
0:0:0:0:0:0:0:1 - - [07/May/2015:05:43:31 +0000] "GET /files/templates/fonts/glyphicons-halflings-regular.woff HTTP/1.1" 200 23424 "http://localhost:8080/files/templates/fromweb/bootstrap.min.css" "Mozilla/5.0 (Macintosh; Intel Mac OS X 10_10_3) AppleWebKit/537.36 (KHTML, like Gecko) Chrome/42.0.2311.135 Safari/537.36"
0:0:0:0:0:0:0:1 - - [07/May/2015:05:43:38 +0000] "GET /sendMail HTTP/1.1" 200 - "http://localhost:8080/in?page=1" "Mozilla/5.0 (Macintosh; Intel Mac OS X 10_10_3) AppleWebKit/537.36 (KHTML, like Gecko) Chrome/42.0.2311.135 Safari/537.36"
0:0:0:0:0:0:0:1 - - [07/May/2015:05:43:38 +0000] "GET /files/templates/fonts/glyphicons-halflings-regular.woff2 HTTP/1.1" 404 334 "http://localhost:8080/files/templates/fromweb/bootstrap.min.css" "Mozilla/5.0 (Macintosh; Intel Mac OS X 10_10_3) AppleWebKit/537.36 (KHTML, like Gecko) Chrome/42.0.2311.135 Safari/537.36"
0:0:0:0:0:0:0:1 - - [07/May/2015:05:43:56 +0000] "GET /folder?type=School&page=1 HTTP/1.1" 200 - "http://localhost:8080/sendMail" "Mozilla/5.0 (Macintosh; Intel Mac OS X 10_10_3) AppleWebKit/537.36 (KHTML, like Gecko) Chrome/42.0.2311.135 Safari/537.36"
0:0:0:0:0:0:0:1 - - [07/May/2015:05:43:56 +0000] "GET /files/templates/fromweb/bootstrap.min.css HTTP/1.1" 304 - "http://localhost:8080/folder?type=School&page=1" "Mozilla/5.0 (Macintosh; Intel Mac OS X 10_10_3) AppleWebKit/537.36 (KHTML, like Gecko) Chrome/42.0.2311.135 Safari/537.36"
0:0:0:0:0:0:0:1 - - [07/May/2015:05:43:57 +0000] "GET /files/templates/fonts/glyphicons-halflings-regular.woff2 HTTP/1.1" 404 334 "http://localhost:8080/files/templates/fromweb/bootstrap.min.css" "Mozilla/5.0 (Macintosh; Intel Mac OS X 10_10_3) AppleWebKit/537.36 (KHTML, like Gecko) Chrome/42.0.2311.135 Safari/537.36"
0:0:0:0:0:0:0:1 - - [07/May/2015:05:43:59 +0000] "GET /folder?type=Family&page=1 HTTP/1.1" 200 - "http://localhost:8080/folder?type=School&page=1" "Mozilla/5.0 (Macintosh; Intel Mac OS X 10_10_3) AppleWebKit/537.36 (KHTML, like Gecko) Chrome/42.0.2311.135 Safari/537.36"
0:0:0:0:0:0:0:1 - - [07/May/2015:05:43:59 +0000] "GET /files/templates/fonts/glyphicons-halflings-regular.woff2 HTTP/1.1" 404 334 "http://localhost:8080/files/templates/fromweb/bootstrap.min.css" "Mozilla/5.0 (Macintosh; Intel Mac OS X 10_10_3) AppleWebKit/537.36 (KHTML, like Gecko) Chrome/42.0.2311.135 Safari/537.36"
0:0:0:0:0:0:0:1 - - [07/May/2015:05:44:01 +0000] "GET /addMail HTTP/1.1" 200 - "http://localhost:8080/folder?type=Family&page=1" "Mozilla/5.0 (Macintosh; Intel Mac OS X 10_10_3) AppleWebKit/537.36 (KHTML, like Gecko) Chrome/42.0.2311.135 Safari/537.36"
0:0:0:0:0:0:0:1 - - [07/May/2015:05:44:01 +0000] "GET /files/templates/validator/formValidation.css HTTP/1.1" 200 4293 "http://localhost:8080/addMail" "Mozilla/5.0 (Macintosh; Intel Mac OS X 10_10_3) AppleWebKit/537.36 (KHTML, like Gecko) Chrome/42.0.2311.135 Safari/537.36"
0:0:0:0:0:0:0:1 - - [07/May/2015:05:44:01 +0000] "GET /files/templates/validator/bootstrap.js HTTP/1.1" 200 10774 "http://localhost:8080/addMail" "Mozilla/5.0 (Macintosh; Intel Mac OS X 10_10_3) AppleWebKit/537.36 (KHTML, like Gecko) Chrome/42.0.2311.135 Safari/537.36"
0:0:0:0:0:0:0:1 - - [07/May/2015:05:44:01 +0000] "GET /files/templates/validator/bootstrap.min.js HTTP/1.1" 200 35601 "http://localhost:8080/addMail" "Mozilla/5.0 (Macintosh; Intel Mac OS X 10_10_3) AppleWebKit/537.36 (KHTML, like Gecko) Chrome/42.0.2311.135 Safari/537.36"
0:0:0:0:0:0:0:1 - - [07/May/2015:05:44:01 +0000] "GET /files/templates/add.js HTTP/1.1" 200 2471 "http://localhost:8080/addMail" "Mozilla/5.0 (Macintosh; Intel Mac OS X 10_10_3) AppleWebKit/537.36 (KHTML, like Gecko) Chrome/42.0.2311.135 Safari/537.36"
0:0:0:0:0:0:0:1 - - [07/May/2015:05:44:01 +0000] "GET /files/templates/validator/jquery.min.js HTTP/1.1" 200 95931 "http://localhost:8080/addMail" "Mozilla/5.0 (Macintosh; Intel Mac OS X 10_10_3) AppleWebKit/537.36 (KHTML, like Gecko) Chrome/42.0.2311.135 Safari/537.36"
0:0:0:0:0:0:0:1 - - [07/May/2015:05:44:01 +0000] "GET /files/templates/validator/bootstrap.css HTTP/1.1" 200 137067 "http://localhost:8080/addMail" "Mozilla/5.0 (Macintosh; Intel Mac OS X 10_10_3) AppleWebKit/537.36 (KHTML, like Gecko) Chrome/42.0.2311.135 Safari/537.36"
0:0:0:0:0:0:0:1 - - [07/May/2015:05:44:01 +0000] "GET /files/templates/validator/formValidation.js HTTP/1.1" 200 369194 "http://localhost:8080/addMail" "Mozilla/5.0 (Macintosh; Intel Mac OS X 10_10_3) AppleWebKit/537.36 (KHTML, like Gecko) Chrome/42.0.2311.135 Safari/537.36"
0:0:0:0:0:0:0:1 - - [07/May/2015:05:44:01 +0000] "GET /files/templates/register.png HTTP/1.1" 200 186581 "http://localhost:8080/files/templates/custom.css" "Mozilla/5.0 (Macintosh; Intel Mac OS X 10_10_3) AppleWebKit/537.36 (KHTML, like Gecko) Chrome/42.0.2311.135 Safari/537.36"
0:0:0:0:0:0:0:1 - - [07/May/2015:05:44:01 +0000] "GET /files/templates/validator/bootstrap.css.map HTTP/1.1" 200 366144 "http://localhost:8080/addMail" "Mozilla/5.0 (Macintosh; Intel Mac OS X 10_10_3) AppleWebKit/537.36 (KHTML, like Gecko) Chrome/42.0.2311.135 Safari/537.36"
0:0:0:0:0:0:0:1 - - [07/May/2015:05:44:07 +0000] "GET /addFolder HTTP/1.1" 200 - "http://localhost:8080/folder?type=Family&page=1" "Mozilla/5.0 (Macintosh; Intel Mac OS X 10_10_3) AppleWebKit/537.36 (KHTML, like Gecko) Chrome/42.0.2311.135 Safari/537.36"
0:0:0:0:0:0:0:1 - - [07/May/2015:05:44:07 +0000] "GET /files/templates/validator/bootstrap.css.map HTTP/1.1" 304 - "http://localhost:8080/addFolder" "Mozilla/5.0 (Macintosh; Intel Mac OS X 10_10_3) AppleWebKit/537.36 (KHTML, like Gecko) Chrome/42.0.2311.135 Safari/537.36"
0:0:0:0:0:0:0:1 - - [07/May/2015:05:44:15 +0000] "GET /in?page=1 HTTP/1.1" 200 - "http://localhost:8080/folder?type=Family&page=1" "Mozilla/5.0 (Macintosh; Intel Mac OS X 10_10_3) AppleWebKit/537.36 (KHTML, like Gecko) Chrome/42.0.2311.135 Safari/537.36"
0:0:0:0:0:0:0:1 - - [07/May/2015:05:44:17 +0000] "GET /files/templates/fromweb/bootstrap.min.css HTTP/1.1" 304 - "http://localhost:8080/in?page=1" "Mozilla/5.0 (Macintosh; Intel Mac OS X 10_10_3) AppleWebKit/537.36 (KHTML, like Gecko) Chrome/42.0.2311.135 Safari/537.36"
0:0:0:0:0:0:0:1 - - [07/May/2015:05:44:17 +0000] "GET /files/templates/fonts/glyphicons-halflings-regular.woff2 HTTP/1.1" 404 334 "http://localhost:8080/files/templates/fromweb/bootstrap.min.css" "Mozilla/5.0 (Macintosh; Intel Mac OS X 10_10_3) AppleWebKit/537.36 (KHTML, like Gecko) Chrome/42.0.2311.135 Safari/537.36"
0:0:0:0:0:0:0:1 - - [07/May/2015:05:46:20 +0000] "GET / HTTP/1.1" 302 - "-" "Mozilla/5.0 (Macintosh; Intel Mac OS X 10_10_3) AppleWebKit/537.36 (KHTML, like Gecko) Chrome/42.0.2311.135 Safari/537.36"
0:0:0:0:0:0:0:1 - - [07/May/2015:05:46:20 +0000] "GET /login HTTP/1.1" 200 - "-" "Mozilla/5.0 (Macintosh; Intel Mac OS X 10_10_3) AppleWebKit/537.36 (KHTML, like Gecko) Chrome/42.0.2311.135 Safari/537.36"
0:0:0:0:0:0:0:1 - - [07/May/2015:05:46:20 +0000] "GET /files/templates/fromweb/bootstrap.min.css HTTP/1.1" 304 - "http://localhost:8080/login" "Mozilla/5.0 (Macintosh; Intel Mac OS X 10_10_3) AppleWebKit/537.36 (KHTML, like Gecko) Chrome/42.0.2311.135 Safari/537.36"
0:0:0:0:0:0:0:1 - - [07/May/2015:05:46:20 +0000] "GET /files/templates/signin.css HTTP/1.1" 304 - "http://localhost:8080/login" "Mozilla/5.0 (Macintosh; Intel Mac OS X 10_10_3) AppleWebKit/537.36 (KHTML, like Gecko) Chrome/42.0.2311.135 Safari/537.36"
0:0:0:0:0:0:0:1 - - [07/May/2015:05:46:28 +0000] "POST /loginSubmit HTTP/1.1" 302 - "http://localhost:8080/login" "Mozilla/5.0 (Macintosh; Intel Mac OS X 10_10_3) AppleWebKit/537.36 (KHTML, like Gecko) Chrome/42.0.2311.135 Safari/537.36"
0:0:0:0:0:0:0:1 - - [07/May/2015:05:46:28 +0000] "GET /in?page=1 HTTP/1.1" 200 - "http://localhost:8080/login" "Mozilla/5.0 (Macintosh; Intel Mac OS X 10_10_3) AppleWebKit/537.36 (KHTML, like Gecko) Chrome/42.0.2311.135 Safari/537.36"
0:0:0:0:0:0:0:1 - - [07/May/2015:05:46:31 +0000] "GET /files/templates/dashboard.css HTTP/1.1" 304 - "http://localhost:8080/in?page=1" "Mozilla/5.0 (Macintosh; Intel Mac OS X 10_10_3) AppleWebKit/537.36 (KHTML, like Gecko) Chrome/42.0.2311.135 Safari/537.36"
0:0:0:0:0:0:0:1 - - [07/May/2015:05:46:31 +0000] "GET /files/templates/fonts/glyphicons-halflings-regular.woff2 HTTP/1.1" 404 334 "http://localhost:8080/files/templates/fromweb/bootstrap.min.css" "Mozilla/5.0 (Macintosh; Intel Mac OS X 10_10_3) AppleWebKit/537.36 (KHTML, like Gecko) Chrome/42.0.2311.135 Safari/537.36"
0:0:0:0:0:0:0:1 - - [07/May/2015:05:47:33 +0000] "GET / HTTP/1.1" 302 - "-" "Mozilla/5.0 (Macintosh; Intel Mac OS X 10_10_3) AppleWebKit/537.36 (KHTML, like Gecko) Chrome/42.0.2311.135 Safari/537.36"
0:0:0:0:0:0:0:1 - - [07/May/2015:05:47:33 +0000] "GET /login HTTP/1.1" 200 - "-" "Mozilla/5.0 (Macintosh; Intel Mac OS X 10_10_3) AppleWebKit/537.36 (KHTML, like Gecko) Chrome/42.0.2311.135 Safari/537.36"
0:0:0:0:0:0:0:1 - - [07/May/2015:05:47:33 +0000] "GET /files/templates/signin.css HTTP/1.1" 200 792 "http://localhost:8080/login" "Mozilla/5.0 (Macintosh; Intel Mac OS X 10_10_3) AppleWebKit/537.36 (KHTML, like Gecko) Chrome/42.0.2311.135 Safari/537.36"
0:0:0:0:0:0:0:1 - - [07/May/2015:05:47:33 +0000] "GET /files/templates/icon-mail-light.png HTTP/1.1" 200 4695 "http://localhost:8080/login" "Mozilla/5.0 (Macintosh; Intel Mac OS X 10_10_3) AppleWebKit/537.36 (KHTML, like Gecko) Chrome/42.0.2311.135 Safari/537.36"
0:0:0:0:0:0:0:1 - - [07/May/2015:05:47:33 +0000] "GET /files/templates/custom.css HTTP/1.1" 200 10178 "http://localhost:8080/login" "Mozilla/5.0 (Macintosh; Intel Mac OS X 10_10_3) AppleWebKit/537.36 (KHTML, like Gecko) Chrome/42.0.2311.135 Safari/537.36"
0:0:0:0:0:0:0:1 - - [07/May/2015:05:47:33 +0000] "GET /files/templates/fromweb/bootstrap.min.css HTTP/1.1" 200 117305 "http://localhost:8080/login" "Mozilla/5.0 (Macintosh; Intel Mac OS X 10_10_3) AppleWebKit/537.36 (KHTML, like Gecko) Chrome/42.0.2311.135 Safari/537.36"
0:0:0:0:0:0:0:1 - - [07/May/2015:05:47:33 +0000] "GET /files/templates/mail.jpg HTTP/1.1" 200 16837 "http://localhost:8080/files/templates/custom.css" "Mozilla/5.0 (Macintosh; Intel Mac OS X 10_10_3) AppleWebKit/537.36 (KHTML, like Gecko) Chrome/42.0.2311.135 Safari/537.36"
0:0:0:0:0:0:0:1 - - [07/May/2015:05:47:39 +0000] "POST /loginSubmit HTTP/1.1" 302 - "http://localhost:8080/login" "Mozilla/5.0 (Macintosh; Intel Mac OS X 10_10_3) AppleWebKit/537.36 (KHTML, like Gecko) Chrome/42.0.2311.135 Safari/537.36"
0:0:0:0:0:0:0:1 - - [07/May/2015:05:47:39 +0000] "GET /in?page=1 HTTP/1.1" 200 - "http://localhost:8080/login" "Mozilla/5.0 (Macintosh; Intel Mac OS X 10_10_3) AppleWebKit/537.36 (KHTML, like Gecko) Chrome/42.0.2311.135 Safari/537.36"
0:0:0:0:0:0:0:1 - - [07/May/2015:05:47:41 +0000] "GET /files/templates/dashboard.css HTTP/1.1" 200 1556 "http://localhost:8080/in?page=1" "Mozilla/5.0 (Macintosh; Intel Mac OS X 10_10_3) AppleWebKit/537.36 (KHTML, like Gecko) Chrome/42.0.2311.135 Safari/537.36"
0:0:0:0:0:0:0:1 - - [07/May/2015:05:47:41 +0000] "GET /files/templates/welcome01.png HTTP/1.1" 200 16121 "http://localhost:8080/in?page=1" "Mozilla/5.0 (Macintosh; Intel Mac OS X 10_10_3) AppleWebKit/537.36 (KHTML, like Gecko) Chrome/42.0.2311.135 Safari/537.36"
0:0:0:0:0:0:0:1 - - [07/May/2015:05:47:41 +0000] "GET /files/templates/home_files/ie-emulation-modes-warning.js HTTP/1.1" 200 2132 "http://localhost:8080/in?page=1" "Mozilla/5.0 (Macintosh; Intel Mac OS X 10_10_3) AppleWebKit/537.36 (KHTML, like Gecko) Chrome/42.0.2311.135 Safari/537.36"
0:0:0:0:0:0:0:1 - - [07/May/2015:05:47:41 +0000] "GET /files/templates/trash.png HTTP/1.1" 200 5244 "http://localhost:8080/in?page=1" "Mozilla/5.0 (Macintosh; Intel Mac OS X 10_10_3) AppleWebKit/537.36 (KHTML, like Gecko) Chrome/42.0.2311.135 Safari/537.36"
0:0:0:0:0:0:0:1 - - [07/May/2015:05:47:41 +0000] "GET /files/templates/home_files/ie10-viewport-bug-workaround.js HTTP/1.1" 200 694 "http://localhost:8080/in?page=1" "Mozilla/5.0 (Macintosh; Intel Mac OS X 10_10_3) AppleWebKit/537.36 (KHTML, like Gecko) Chrome/42.0.2311.135 Safari/537.36"
0:0:0:0:0:0:0:1 - - [07/May/2015:05:47:42 +0000] "GET /files/templates/fonts/glyphicons-halflings-regular.woff2 HTTP/1.1" 404 334 "http://localhost:8080/files/templates/fromweb/bootstrap.min.css" "Mozilla/5.0 (Macintosh; Intel Mac OS X 10_10_3) AppleWebKit/537.36 (KHTML, like Gecko) Chrome/42.0.2311.135 Safari/537.36"
0:0:0:0:0:0:0:1 - - [07/May/2015:05:47:42 +0000] "GET /files/templates/fonts/glyphicons-halflings-regular.woff HTTP/1.1" 200 23424 "http://localhost:8080/files/templates/fromweb/bootstrap.min.css" "Mozilla/5.0 (Macintosh; Intel Mac OS X 10_10_3) AppleWebKit/537.36 (KHTML, like Gecko) Chrome/42.0.2311.135 Safari/537.36"
0:0:0:0:0:0:0:1 - - [07/May/2015:05:47:49 +0000] "GET /in?page=1 HTTP/1.1" 200 - "http://localhost:8080/in?page=1" "Mozilla/5.0 (Macintosh; Intel Mac OS X 10_10_3) AppleWebKit/537.36 (KHTML, like Gecko) Chrome/42.0.2311.135 Safari/537.36"
0:0:0:0:0:0:0:1 - - [07/May/2015:05:47:51 +0000] "GET /files/templates/fonts/glyphicons-halflings-regular.woff2 HTTP/1.1" 404 334 "http://localhost:8080/files/templates/fromweb/bootstrap.min.css" "Mozilla/5.0 (Macintosh; Intel Mac OS X 10_10_3) AppleWebKit/537.36 (KHTML, like Gecko) Chrome/42.0.2311.135 Safari/537.36"
0:0:0:0:0:0:0:1 - - [07/May/2015:05:47:53 +0000] "GET /mail?id=19 HTTP/1.1" 200 - "http://localhost:8080/in?page=1" "Mozilla/5.0 (Macintosh; Intel Mac OS X 10_10_3) AppleWebKit/537.36 (KHTML, like Gecko) Chrome/42.0.2311.135 Safari/537.36"
0:0:0:0:0:0:0:1 - - [07/May/2015:05:47:53 +0000] "GET /files/templates/home_files/holder.js HTTP/1.1" 200 23861 "http://localhost:8080/mail?id=19" "Mozilla/5.0 (Macintosh; Intel Mac OS X 10_10_3) AppleWebKit/537.36 (KHTML, like Gecko) Chrome/42.0.2311.135 Safari/537.36"
0:0:0:0:0:0:0:1 - - [07/May/2015:05:47:53 +0000] "GET /files/templates/fonts/glyphicons-halflings-regular.woff2 HTTP/1.1" 404 334 "http://localhost:8080/files/templates/fromweb/bootstrap.min.css" "Mozilla/5.0 (Macintosh; Intel Mac OS X 10_10_3) AppleWebKit/537.36 (KHTML, like Gecko) Chrome/42.0.2311.135 Safari/537.36"
0:0:0:0:0:0:0:1 - - [07/May/2015:05:48:29 +0000] "GET /reply?id=19 HTTP/1.1" 200 - "http://localhost:8080/mail?id=19" "Mozilla/5.0 (Macintosh; Intel Mac OS X 10_10_3) AppleWebKit/537.36 (KHTML, like Gecko) Chrome/42.0.2311.135 Safari/537.36"
0:0:0:0:0:0:0:1 - - [07/May/2015:05:48:29 +0000] "GET /files/templates/fromweb/bootstrap.min.css HTTP/1.1" 304 - "http://localhost:8080/reply?id=19" "Mozilla/5.0 (Macintosh; Intel Mac OS X 10_10_3) AppleWebKit/537.36 (KHTML, like Gecko) Chrome/42.0.2311.135 Safari/537.36"
0:0:0:0:0:0:0:1 - - [07/May/2015:05:48:30 +0000] "GET /files/templates/fonts/glyphicons-halflings-regular.woff2 HTTP/1.1" 404 334 "http://localhost:8080/files/templates/fromweb/bootstrap.min.css" "Mozilla/5.0 (Macintosh; Intel Mac OS X 10_10_3) AppleWebKit/537.36 (KHTML, like Gecko) Chrome/42.0.2311.135 Safari/537.36"
0:0:0:0:0:0:0:1 - - [07/May/2015:05:48:35 +0000] "GET /in?page=1 HTTP/1.1" 200 - "http://localhost:8080/reply?id=19" "Mozilla/5.0 (Macintosh; Intel Mac OS X 10_10_3) AppleWebKit/537.36 (KHTML, like Gecko) Chrome/42.0.2311.135 Safari/537.36"
0:0:0:0:0:0:0:1 - - [07/May/2015:05:48:36 +0000] "GET /files/templates/fonts/glyphicons-halflings-regular.woff2 HTTP/1.1" 404 334 "http://localhost:8080/files/templates/fromweb/bootstrap.min.css" "Mozilla/5.0 (Macintosh; Intel Mac OS X 10_10_3) AppleWebKit/537.36 (KHTML, like Gecko) Chrome/42.0.2311.135 Safari/537.36"
0:0:0:0:0:0:0:1 - - [07/May/2015:05:48:38 +0000] "GET /mail?id=18 HTTP/1.1" 200 - "http://localhost:8080/in?page=1" "Mozilla/5.0 (Macintosh; Intel Mac OS X 10_10_3) AppleWebKit/537.36 (KHTML, like Gecko) Chrome/42.0.2311.135 Safari/537.36"
0:0:0:0:0:0:0:1 - - [07/May/2015:05:48:38 +0000] "GET /files/templates/fonts/glyphicons-halflings-regular.woff2 HTTP/1.1" 404 334 "http://localhost:8080/files/templates/fromweb/bootstrap.min.css" "Mozilla/5.0 (Macintosh; Intel Mac OS X 10_10_3) AppleWebKit/537.36 (KHTML, like Gecko) Chrome/42.0.2311.135 Safari/537.36"
0:0:0:0:0:0:0:1 - - [07/May/2015:05:48:40 +0000] "GET /forward?id=18 HTTP/1.1" 200 - "http://localhost:8080/mail?id=18" "Mozilla/5.0 (Macintosh; Intel Mac OS X 10_10_3) AppleWebKit/537.36 (KHTML, like Gecko) Chrome/42.0.2311.135 Safari/537.36"
0:0:0:0:0:0:0:1 - - [07/May/2015:05:48:40 +0000] "GET /files/templates/fonts/glyphicons-halflings-regular.woff2 HTTP/1.1" 404 334 "http://localhost:8080/files/templates/fromweb/bootstrap.min.css" "Mozilla/5.0 (Macintosh; Intel Mac OS X 10_10_3) AppleWebKit/537.36 (KHTML, like Gecko) Chrome/42.0.2311.135 Safari/537.36"
0:0:0:0:0:0:0:1 - - [07/May/2015:05:49:28 +0000] "GET / HTTP/1.1" 302 - "-" "Mozilla/5.0 (Macintosh; Intel Mac OS X 10_10_3) AppleWebKit/537.36 (KHTML, like Gecko) Chrome/42.0.2311.135 Safari/537.36"
0:0:0:0:0:0:0:1 - - [07/May/2015:05:49:28 +0000] "GET /login HTTP/1.1" 200 - "-" "Mozilla/5.0 (Macintosh; Intel Mac OS X 10_10_3) AppleWebKit/537.36 (KHTML, like Gecko) Chrome/42.0.2311.135 Safari/537.36"
0:0:0:0:0:0:0:1 - - [07/May/2015:05:49:28 +0000] "GET /files/templates/fromweb/bootstrap.min.css HTTP/1.1" 304 - "http://localhost:8080/login" "Mozilla/5.0 (Macintosh; Intel Mac OS X 10_10_3) AppleWebKit/537.36 (KHTML, like Gecko) Chrome/42.0.2311.135 Safari/537.36"
0:0:0:0:0:0:0:1 - - [07/May/2015:05:49:28 +0000] "GET /files/templates/signin.css HTTP/1.1" 304 - "http://localhost:8080/login" "Mozilla/5.0 (Macintosh; Intel Mac OS X 10_10_3) AppleWebKit/537.36 (KHTML, like Gecko) Chrome/42.0.2311.135 Safari/537.36"
0:0:0:0:0:0:0:1 - - [07/May/2015:05:49:35 +0000] "POST /loginSubmit HTTP/1.1" 302 - "http://localhost:8080/login" "Mozilla/5.0 (Macintosh; Intel Mac OS X 10_10_3) AppleWebKit/537.36 (KHTML, like Gecko) Chrome/42.0.2311.135 Safari/537.36"
0:0:0:0:0:0:0:1 - - [07/May/2015:05:49:35 +0000] "GET /in?page=1 HTTP/1.1" 200 - "http://localhost:8080/login" "Mozilla/5.0 (Macintosh; Intel Mac OS X 10_10_3) AppleWebKit/537.36 (KHTML, like Gecko) Chrome/42.0.2311.135 Safari/537.36"
0:0:0:0:0:0:0:1 - - [07/May/2015:05:49:38 +0000] "GET /files/templates/fonts/glyphicons-halflings-regular.woff2 HTTP/1.1" 404 334 "http://localhost:8080/files/templates/fromweb/bootstrap.min.css" "Mozilla/5.0 (Macintosh; Intel Mac OS X 10_10_3) AppleWebKit/537.36 (KHTML, like Gecko) Chrome/42.0.2311.135 Safari/537.36"
0:0:0:0:0:0:0:1 - - [07/May/2015:05:49:41 +0000] "GET /mail?id=2 HTTP/1.1" 200 - "http://localhost:8080/in?page=1" "Mozilla/5.0 (Macintosh; Intel Mac OS X 10_10_3) AppleWebKit/537.36 (KHTML, like Gecko) Chrome/42.0.2311.135 Safari/537.36"
0:0:0:0:0:0:0:1 - - [07/May/2015:05:49:41 +0000] "GET /files/templates/dashboard.css HTTP/1.1" 304 - "http://localhost:8080/mail?id=2" "Mozilla/5.0 (Macintosh; Intel Mac OS X 10_10_3) AppleWebKit/537.36 (KHTML, like Gecko) Chrome/42.0.2311.135 Safari/537.36"
0:0:0:0:0:0:0:1 - - [07/May/2015:05:49:41 +0000] "GET /files/templates/fonts/glyphicons-halflings-regular.woff2 HTTP/1.1" 404 334 "http://localhost:8080/files/templates/fromweb/bootstrap.min.css" "Mozilla/5.0 (Macintosh; Intel Mac OS X 10_10_3) AppleWebKit/537.36 (KHTML, like Gecko) Chrome/42.0.2311.135 Safari/537.36"
0:0:0:0:0:0:0:1 - - [07/May/2015:05:50:42 +0000] "GET /mail?id=2 HTTP/1.1" 302 - "-" "Mozilla/5.0 (Macintosh; Intel Mac OS X 10_10_3) AppleWebKit/537.36 (KHTML, like Gecko) Chrome/42.0.2311.135 Safari/537.36"
0:0:0:0:0:0:0:1 - - [07/May/2015:05:50:42 +0000] "GET /login HTTP/1.1" 200 - "-" "Mozilla/5.0 (Macintosh; Intel Mac OS X 10_10_3) AppleWebKit/537.36 (KHTML, like Gecko) Chrome/42.0.2311.135 Safari/537.36"
0:0:0:0:0:0:0:1 - - [07/May/2015:05:50:42 +0000] "GET /files/templates/fromweb/bootstrap.min.css HTTP/1.1" 304 - "http://localhost:8080/login" "Mozilla/5.0 (Macintosh; Intel Mac OS X 10_10_3) AppleWebKit/537.36 (KHTML, like Gecko) Chrome/42.0.2311.135 Safari/537.36"
0:0:0:0:0:0:0:1 - - [07/May/2015:05:50:46 +0000] "POST /loginSubmit HTTP/1.1" 302 - "http://localhost:8080/login" "Mozilla/5.0 (Macintosh; Intel Mac OS X 10_10_3) AppleWebKit/537.36 (KHTML, like Gecko) Chrome/42.0.2311.135 Safari/537.36"
0:0:0:0:0:0:0:1 - - [07/May/2015:05:50:47 +0000] "GET /in?page=1 HTTP/1.1" 200 - "http://localhost:8080/login" "Mozilla/5.0 (Macintosh; Intel Mac OS X 10_10_3) AppleWebKit/537.36 (KHTML, like Gecko) Chrome/42.0.2311.135 Safari/537.36"
0:0:0:0:0:0:0:1 - - [07/May/2015:05:50:49 +0000] "GET /files/templates/fonts/glyphicons-halflings-regular.woff2 HTTP/1.1" 404 334 "http://localhost:8080/files/templates/fromweb/bootstrap.min.css" "Mozilla/5.0 (Macintosh; Intel Mac OS X 10_10_3) AppleWebKit/537.36 (KHTML, like Gecko) Chrome/42.0.2311.135 Safari/537.36"
0:0:0:0:0:0:0:1 - - [07/May/2015:05:51:38 +0000] "GET /in?page=1 HTTP/1.1" 302 - "-" "Mozilla/5.0 (Macintosh; Intel Mac OS X 10_10_3) AppleWebKit/537.36 (KHTML, like Gecko) Chrome/42.0.2311.135 Safari/537.36"
0:0:0:0:0:0:0:1 - - [07/May/2015:05:51:38 +0000] "GET /login HTTP/1.1" 200 - "-" "Mozilla/5.0 (Macintosh; Intel Mac OS X 10_10_3) AppleWebKit/537.36 (KHTML, like Gecko) Chrome/42.0.2311.135 Safari/537.36"
0:0:0:0:0:0:0:1 - - [07/May/2015:05:51:38 +0000] "GET /files/templates/signin.css HTTP/1.1" 304 - "http://localhost:8080/login" "Mozilla/5.0 (Macintosh; Intel Mac OS X 10_10_3) AppleWebKit/537.36 (KHTML, like Gecko) Chrome/42.0.2311.135 Safari/537.36"
0:0:0:0:0:0:0:1 - - [07/May/2015:05:51:51 +0000] "POST /loginSubmit HTTP/1.1" 302 - "http://localhost:8080/login" "Mozilla/5.0 (Macintosh; Intel Mac OS X 10_10_3) AppleWebKit/537.36 (KHTML, like Gecko) Chrome/42.0.2311.135 Safari/537.36"
0:0:0:0:0:0:0:1 - - [07/May/2015:05:51:52 +0000] "GET /in?page=1 HTTP/1.1" 200 - "http://localhost:8080/login" "Mozilla/5.0 (Macintosh; Intel Mac OS X 10_10_3) AppleWebKit/537.36 (KHTML, like Gecko) Chrome/42.0.2311.135 Safari/537.36"
0:0:0:0:0:0:0:1 - - [07/May/2015:05:51:53 +0000] "GET /files/templates/fromweb/bootstrap.min.css HTTP/1.1" 304 - "http://localhost:8080/in?page=1" "Mozilla/5.0 (Macintosh; Intel Mac OS X 10_10_3) AppleWebKit/537.36 (KHTML, like Gecko) Chrome/42.0.2311.135 Safari/537.36"
0:0:0:0:0:0:0:1 - - [07/May/2015:05:51:53 +0000] "GET /files/templates/dashboard.css HTTP/1.1" 304 - "http://localhost:8080/in?page=1" "Mozilla/5.0 (Macintosh; Intel Mac OS X 10_10_3) AppleWebKit/537.36 (KHTML, like Gecko) Chrome/42.0.2311.135 Safari/537.36"
0:0:0:0:0:0:0:1 - - [07/May/2015:05:51:54 +0000] "GET /files/templates/fonts/glyphicons-halflings-regular.woff2 HTTP/1.1" 404 334 "http://localhost:8080/files/templates/fromweb/bootstrap.min.css" "Mozilla/5.0 (Macintosh; Intel Mac OS X 10_10_3) AppleWebKit/537.36 (KHTML, like Gecko) Chrome/42.0.2311.135 Safari/537.36"
0:0:0:0:0:0:0:1 - - [07/May/2015:05:51:58 +0000] "GET /trash?page=1 HTTP/1.1" 200 - "http://localhost:8080/in?page=1" "Mozilla/5.0 (Macintosh; Intel Mac OS X 10_10_3) AppleWebKit/537.36 (KHTML, like Gecko) Chrome/42.0.2311.135 Safari/537.36"
0:0:0:0:0:0:0:1 - - [07/May/2015:05:51:58 +0000] "GET /files/templates/fonts/glyphicons-halflings-regular.woff2 HTTP/1.1" 404 334 "http://localhost:8080/files/templates/fromweb/bootstrap.min.css" "Mozilla/5.0 (Macintosh; Intel Mac OS X 10_10_3) AppleWebKit/537.36 (KHTML, like Gecko) Chrome/42.0.2311.135 Safari/537.36"
0:0:0:0:0:0:0:1 - - [07/May/2015:05:52:00 +0000] "GET /out?page=1 HTTP/1.1" 200 - "http://localhost:8080/trash?page=1" "Mozilla/5.0 (Macintosh; Intel Mac OS X 10_10_3) AppleWebKit/537.36 (KHTML, like Gecko) Chrome/42.0.2311.135 Safari/537.36"
0:0:0:0:0:0:0:1 - - [07/May/2015:05:52:00 +0000] "GET /files/templates/fonts/glyphicons-halflings-regular.woff2 HTTP/1.1" 404 334 "http://localhost:8080/files/templates/fromweb/bootstrap.min.css" "Mozilla/5.0 (Macintosh; Intel Mac OS X 10_10_3) AppleWebKit/537.36 (KHTML, like Gecko) Chrome/42.0.2311.135 Safari/537.36"
0:0:0:0:0:0:0:1 - - [07/May/2015:05:52:02 +0000] "GET /mail?id=73 HTTP/1.1" 200 - "http://localhost:8080/out?page=1" "Mozilla/5.0 (Macintosh; Intel Mac OS X 10_10_3) AppleWebKit/537.36 (KHTML, like Gecko) Chrome/42.0.2311.135 Safari/537.36"
0:0:0:0:0:0:0:1 - - [07/May/2015:05:52:02 +0000] "GET /files/templates/fonts/glyphicons-halflings-regular.woff2 HTTP/1.1" 404 334 "http://localhost:8080/files/templates/fromweb/bootstrap.min.css" "Mozilla/5.0 (Macintosh; Intel Mac OS X 10_10_3) AppleWebKit/537.36 (KHTML, like Gecko) Chrome/42.0.2311.135 Safari/537.36"
0:0:0:0:0:0:0:1 - - [07/May/2015:05:52:03 +0000] "GET /deleteMail?id=73 HTTP/1.1" 302 - "http://localhost:8080/mail?id=73" "Mozilla/5.0 (Macintosh; Intel Mac OS X 10_10_3) AppleWebKit/537.36 (KHTML, like Gecko) Chrome/42.0.2311.135 Safari/537.36"
0:0:0:0:0:0:0:1 - - [07/May/2015:05:52:03 +0000] "GET /in?page=1 HTTP/1.1" 200 - "http://localhost:8080/mail?id=73" "Mozilla/5.0 (Macintosh; Intel Mac OS X 10_10_3) AppleWebKit/537.36 (KHTML, like Gecko) Chrome/42.0.2311.135 Safari/537.36"
0:0:0:0:0:0:0:1 - - [07/May/2015:05:52:04 +0000] "GET /files/templates/fonts/glyphicons-halflings-regular.woff2 HTTP/1.1" 404 334 "http://localhost:8080/files/templates/fromweb/bootstrap.min.css" "Mozilla/5.0 (Macintosh; Intel Mac OS X 10_10_3) AppleWebKit/537.36 (KHTML, like Gecko) Chrome/42.0.2311.135 Safari/537.36"
0:0:0:0:0:0:0:1 - - [07/May/2015:05:52:07 +0000] "GET /in?page=3 HTTP/1.1" 200 - "http://localhost:8080/in?page=1" "Mozilla/5.0 (Macintosh; Intel Mac OS X 10_10_3) AppleWebKit/537.36 (KHTML, like Gecko) Chrome/42.0.2311.135 Safari/537.36"
0:0:0:0:0:0:0:1 - - [07/May/2015:05:52:08 +0000] "GET /files/templates/fonts/glyphicons-halflings-regular.woff2 HTTP/1.1" 404 334 "http://localhost:8080/files/templates/fromweb/bootstrap.min.css" "Mozilla/5.0 (Macintosh; Intel Mac OS X 10_10_3) AppleWebKit/537.36 (KHTML, like Gecko) Chrome/42.0.2311.135 Safari/537.36"
0:0:0:0:0:0:0:1 - - [07/May/2015:05:52:09 +0000] "GET /mail?id=44 HTTP/1.1" 200 - "http://localhost:8080/in?page=3" "Mozilla/5.0 (Macintosh; Intel Mac OS X 10_10_3) AppleWebKit/537.36 (KHTML, like Gecko) Chrome/42.0.2311.135 Safari/537.36"
0:0:0:0:0:0:0:1 - - [07/May/2015:05:52:09 +0000] "GET /files/templates/fonts/glyphicons-halflings-regular.woff2 HTTP/1.1" 404 334 "http://localhost:8080/files/templates/fromweb/bootstrap.min.css" "Mozilla/5.0 (Macintosh; Intel Mac OS X 10_10_3) AppleWebKit/537.36 (KHTML, like Gecko) Chrome/42.0.2311.135 Safari/537.36"
0:0:0:0:0:0:0:1 - - [07/May/2015:05:52:12 +0000] "GET /in?page=1 HTTP/1.1" 200 - "http://localhost:8080/mail?id=44" "Mozilla/5.0 (Macintosh; Intel Mac OS X 10_10_3) AppleWebKit/537.36 (KHTML, like Gecko) Chrome/42.0.2311.135 Safari/537.36"
0:0:0:0:0:0:0:1 - - [07/May/2015:05:52:13 +0000] "GET /files/templates/fonts/glyphicons-halflings-regular.woff2 HTTP/1.1" 404 334 "http://localhost:8080/files/templates/fromweb/bootstrap.min.css" "Mozilla/5.0 (Macintosh; Intel Mac OS X 10_10_3) AppleWebKit/537.36 (KHTML, like Gecko) Chrome/42.0.2311.135 Safari/537.36"
0:0:0:0:0:0:0:1 - - [07/May/2015:05:52:17 +0000] "GET /in?sort=emailDate&order=ASC&page=1 HTTP/1.1" 200 - "http://localhost:8080/in?page=1" "Mozilla/5.0 (Macintosh; Intel Mac OS X 10_10_3) AppleWebKit/537.36 (KHTML, like Gecko) Chrome/42.0.2311.135 Safari/537.36"
0:0:0:0:0:0:0:1 - - [07/May/2015:05:52:18 +0000] "GET /files/templates/fonts/glyphicons-halflings-regular.woff2 HTTP/1.1" 404 334 "http://localhost:8080/files/templates/fromweb/bootstrap.min.css" "Mozilla/5.0 (Macintosh; Intel Mac OS X 10_10_3) AppleWebKit/537.36 (KHTML, like Gecko) Chrome/42.0.2311.135 Safari/537.36"
0:0:0:0:0:0:0:1 - - [07/May/2015:05:52:25 +0000] "GET /mail?id=28 HTTP/1.1" 200 - "http://localhost:8080/in?sort=emailDate&order=ASC&page=1" "Mozilla/5.0 (Macintosh; Intel Mac OS X 10_10_3) AppleWebKit/537.36 (KHTML, like Gecko) Chrome/42.0.2311.135 Safari/537.36"
0:0:0:0:0:0:0:1 - - [07/May/2015:05:52:25 +0000] "GET /files/templates/fonts/glyphicons-halflings-regular.woff2 HTTP/1.1" 404 334 "http://localhost:8080/files/templates/fromweb/bootstrap.min.css" "Mozilla/5.0 (Macintosh; Intel Mac OS X 10_10_3) AppleWebKit/537.36 (KHTML, like Gecko) Chrome/42.0.2311.135 Safari/537.36"
0:0:0:0:0:0:0:1 - - [07/May/2015:05:52:30 +0000] "GET /saveTo?type=School&mailID=28 HTTP/1.1" 302 - "http://localhost:8080/mail?id=28" "Mozilla/5.0 (Macintosh; Intel Mac OS X 10_10_3) AppleWebKit/537.36 (KHTML, like Gecko) Chrome/42.0.2311.135 Safari/537.36"
0:0:0:0:0:0:0:1 - - [07/May/2015:05:52:30 +0000] "GET /in?page=1 HTTP/1.1" 200 - "http://localhost:8080/mail?id=28" "Mozilla/5.0 (Macintosh; Intel Mac OS X 10_10_3) AppleWebKit/537.36 (KHTML, like Gecko) Chrome/42.0.2311.135 Safari/537.36"
0:0:0:0:0:0:0:1 - - [07/May/2015:05:52:31 +0000] "GET /files/templates/fonts/glyphicons-halflings-regular.woff2 HTTP/1.1" 404 334 "http://localhost:8080/files/templates/fromweb/bootstrap.min.css" "Mozilla/5.0 (Macintosh; Intel Mac OS X 10_10_3) AppleWebKit/537.36 (KHTML, like Gecko) Chrome/42.0.2311.135 Safari/537.36"
0:0:0:0:0:0:0:1 - - [07/May/2015:05:52:35 +0000] "GET /folder?type=School&page=1 HTTP/1.1" 200 - "http://localhost:8080/in?page=1" "Mozilla/5.0 (Macintosh; Intel Mac OS X 10_10_3) AppleWebKit/537.36 (KHTML, like Gecko) Chrome/42.0.2311.135 Safari/537.36"
0:0:0:0:0:0:0:1 - - [07/May/2015:05:52:35 +0000] "GET /files/templates/fonts/glyphicons-halflings-regular.woff2 HTTP/1.1" 404 334 "http://localhost:8080/files/templates/fromweb/bootstrap.min.css" "Mozilla/5.0 (Macintosh; Intel Mac OS X 10_10_3) AppleWebKit/537.36 (KHTML, like Gecko) Chrome/42.0.2311.135 Safari/537.36"
0:0:0:0:0:0:0:1 - - [07/May/2015:05:52:44 +0000] "GET /folder?type=School&sort=emailDate&order=Desc&page=1 HTTP/1.1" 200 - "http://localhost:8080/folder?type=School&page=1" "Mozilla/5.0 (Macintosh; Intel Mac OS X 10_10_3) AppleWebKit/537.36 (KHTML, like Gecko) Chrome/42.0.2311.135 Safari/537.36"
0:0:0:0:0:0:0:1 - - [07/May/2015:05:52:44 +0000] "GET /files/templates/fonts/glyphicons-halflings-regular.woff2 HTTP/1.1" 404 334 "http://localhost:8080/files/templates/fromweb/bootstrap.min.css" "Mozilla/5.0 (Macintosh; Intel Mac OS X 10_10_3) AppleWebKit/537.36 (KHTML, like Gecko) Chrome/42.0.2311.135 Safari/537.36"
0:0:0:0:0:0:0:1 - - [07/May/2015:05:52:46 +0000] "GET /folder?type=School&sort=emailDate&order=ASC&page=1 HTTP/1.1" 200 - "http://localhost:8080/folder?type=School&sort=emailDate&order=Desc&page=1" "Mozilla/5.0 (Macintosh; Intel Mac OS X 10_10_3) AppleWebKit/537.36 (KHTML, like Gecko) Chrome/42.0.2311.135 Safari/537.36"
0:0:0:0:0:0:0:1 - - [07/May/2015:05:52:46 +0000] "GET /files/templates/fonts/glyphicons-halflings-regular.woff2 HTTP/1.1" 404 334 "http://localhost:8080/files/templates/fromweb/bootstrap.min.css" "Mozilla/5.0 (Macintosh; Intel Mac OS X 10_10_3) AppleWebKit/537.36 (KHTML, like Gecko) Chrome/42.0.2311.135 Safari/537.36"
0:0:0:0:0:0:0:1 - - [07/May/2015:06:16:17 +0000] "GET / HTTP/1.1" 302 - "-" "Mozilla/5.0 (Macintosh; Intel Mac OS X 10_10_3) AppleWebKit/537.36 (KHTML, like Gecko) Chrome/42.0.2311.135 Safari/537.36"
0:0:0:0:0:0:0:1 - - [07/May/2015:06:16:17 +0000] "GET /login HTTP/1.1" 200 - "-" "Mozilla/5.0 (Macintosh; Intel Mac OS X 10_10_3) AppleWebKit/537.36 (KHTML, like Gecko) Chrome/42.0.2311.135 Safari/537.36"
0:0:0:0:0:0:0:1 - - [07/May/2015:06:16:18 +0000] "GET /files/templates/signin.css HTTP/1.1" 304 - "http://localhost:8080/login" "Mozilla/5.0 (Macintosh; Intel Mac OS X 10_10_3) AppleWebKit/537.36 (KHTML, like Gecko) Chrome/42.0.2311.135 Safari/537.36"
0:0:0:0:0:0:0:1 - - [07/May/2015:06:16:18 +0000] "GET /files/templates/fromweb/bootstrap.min.css HTTP/1.1" 304 - "http://localhost:8080/login" "Mozilla/5.0 (Macintosh; Intel Mac OS X 10_10_3) AppleWebKit/537.36 (KHTML, like Gecko) Chrome/42.0.2311.135 Safari/537.36"
0:0:0:0:0:0:0:1 - - [07/May/2015:06:16:25 +0000] "POST /loginSubmit HTTP/1.1" 302 - "http://localhost:8080/login" "Mozilla/5.0 (Macintosh; Intel Mac OS X 10_10_3) AppleWebKit/537.36 (KHTML, like Gecko) Chrome/42.0.2311.135 Safari/537.36"
0:0:0:0:0:0:0:1 - - [07/May/2015:06:16:26 +0000] "GET /in?page=1 HTTP/1.1" 200 - "http://localhost:8080/login" "Mozilla/5.0 (Macintosh; Intel Mac OS X 10_10_3) AppleWebKit/537.36 (KHTML, like Gecko) Chrome/42.0.2311.135 Safari/537.36"
0:0:0:0:0:0:0:1 - - [07/May/2015:06:16:28 +0000] "GET /files/templates/dashboard.css HTTP/1.1" 304 - "http://localhost:8080/in?page=1" "Mozilla/5.0 (Macintosh; Intel Mac OS X 10_10_3) AppleWebKit/537.36 (KHTML, like Gecko) Chrome/42.0.2311.135 Safari/537.36"
0:0:0:0:0:0:0:1 - - [07/May/2015:06:16:28 +0000] "GET /files/templates/fonts/glyphicons-halflings-regular.woff2 HTTP/1.1" 404 334 "http://localhost:8080/files/templates/fromweb/bootstrap.min.css" "Mozilla/5.0 (Macintosh; Intel Mac OS X 10_10_3) AppleWebKit/537.36 (KHTML, like Gecko) Chrome/42.0.2311.135 Safari/537.36"
0:0:0:0:0:0:0:1 - - [07/May/2015:06:18:35 +0000] "GET / HTTP/1.1" 200 - "-" "Mozilla/5.0 (Macintosh; Intel Mac OS X 10_10_3) AppleWebKit/537.36 (KHTML, like Gecko) Chrome/42.0.2311.135 Safari/537.36"
0:0:0:0:0:0:0:1 - - [07/May/2015:06:20:11 +0000] "GET / HTTP/1.1" 200 - "-" "Mozilla/5.0 (Macintosh; Intel Mac OS X 10_10_3) AppleWebKit/537.36 (KHTML, like Gecko) Chrome/42.0.2311.135 Safari/537.36"
0:0:0:0:0:0:0:1 - - [07/May/2015:06:20:11 +0000] "GET /files/templates/fromweb/bootstrap.min.css HTTP/1.1" 200 117305 "https://localhost:8081/" "Mozilla/5.0 (Macintosh; Intel Mac OS X 10_10_3) AppleWebKit/537.36 (KHTML, like Gecko) Chrome/42.0.2311.135 Safari/537.36"
0:0:0:0:0:0:0:1 - - [07/May/2015:06:20:12 +0000] "GET /files/templates/icon-mail-light.png HTTP/1.1" 200 4695 "https://localhost:8081/" "Mozilla/5.0 (Macintosh; Intel Mac OS X 10_10_3) AppleWebKit/537.36 (KHTML, like Gecko) Chrome/42.0.2311.135 Safari/537.36"
0:0:0:0:0:0:0:1 - - [07/May/2015:06:20:12 +0000] "GET /files/templates/signin.css HTTP/1.1" 200 792 "https://localhost:8081/" "Mozilla/5.0 (Macintosh; Intel Mac OS X 10_10_3) AppleWebKit/537.36 (KHTML, like Gecko) Chrome/42.0.2311.135 Safari/537.36"
0:0:0:0:0:0:0:1 - - [07/May/2015:06:20:12 +0000] "GET /files/templates/custom.css HTTP/1.1" 200 10178 "https://localhost:8081/" "Mozilla/5.0 (Macintosh; Intel Mac OS X 10_10_3) AppleWebKit/537.36 (KHTML, like Gecko) Chrome/42.0.2311.135 Safari/537.36"
0:0:0:0:0:0:0:1 - - [07/May/2015:06:20:12 +0000] "GET /files/templates/mail.jpg HTTP/1.1" 200 16837 "https://localhost:8081/files/templates/custom.css" "Mozilla/5.0 (Macintosh; Intel Mac OS X 10_10_3) AppleWebKit/537.36 (KHTML, like Gecko) Chrome/42.0.2311.135 Safari/537.36"
0:0:0:0:0:0:0:1 - - [07/May/2015:06:20:24 +0000] "GET / HTTP/1.1" 200 - "-" "Mozilla/5.0 (Macintosh; Intel Mac OS X 10_10_3) AppleWebKit/537.36 (KHTML, like Gecko) Chrome/42.0.2311.135 Safari/537.36"
0:0:0:0:0:0:0:1 - - [07/May/2015:06:20:45 +0000] "GET / HTTP/1.1" 302 - "-" "Mozilla/5.0 (Macintosh; Intel Mac OS X 10_10_3) AppleWebKit/537.36 (KHTML, like Gecko) Chrome/42.0.2311.135 Safari/537.36"
0:0:0:0:0:0:0:1 - - [07/May/2015:06:20:45 +0000] "GET /login HTTP/1.1" 200 - "-" "Mozilla/5.0 (Macintosh; Intel Mac OS X 10_10_3) AppleWebKit/537.36 (KHTML, like Gecko) Chrome/42.0.2311.135 Safari/537.36"
0:0:0:0:0:0:0:1 - - [07/May/2015:06:20:45 +0000] "GET /files/templates/signin.css HTTP/1.1" 200 792 "http://localhost:8080/login" "Mozilla/5.0 (Macintosh; Intel Mac OS X 10_10_3) AppleWebKit/537.36 (KHTML, like Gecko) Chrome/42.0.2311.135 Safari/537.36"
0:0:0:0:0:0:0:1 - - [07/May/2015:06:20:45 +0000] "GET /files/templates/icon-mail-light.png HTTP/1.1" 200 4695 "http://localhost:8080/login" "Mozilla/5.0 (Macintosh; Intel Mac OS X 10_10_3) AppleWebKit/537.36 (KHTML, like Gecko) Chrome/42.0.2311.135 Safari/537.36"
0:0:0:0:0:0:0:1 - - [07/May/2015:06:20:45 +0000] "GET /files/templates/custom.css HTTP/1.1" 200 10178 "http://localhost:8080/login" "Mozilla/5.0 (Macintosh; Intel Mac OS X 10_10_3) AppleWebKit/537.36 (KHTML, like Gecko) Chrome/42.0.2311.135 Safari/537.36"
0:0:0:0:0:0:0:1 - - [07/May/2015:06:20:45 +0000] "GET /files/templates/fromweb/bootstrap.min.css HTTP/1.1" 200 117305 "http://localhost:8080/login" "Mozilla/5.0 (Macintosh; Intel Mac OS X 10_10_3) AppleWebKit/537.36 (KHTML, like Gecko) Chrome/42.0.2311.135 Safari/537.36"
0:0:0:0:0:0:0:1 - - [07/May/2015:06:20:45 +0000] "GET /files/templates/mail.jpg HTTP/1.1" 200 16837 "http://localhost:8080/files/templates/custom.css" "Mozilla/5.0 (Macintosh; Intel Mac OS X 10_10_3) AppleWebKit/537.36 (KHTML, like Gecko) Chrome/42.0.2311.135 Safari/537.36"
0:0:0:0:0:0:0:1 - - [07/May/2015:06:49:45 +0000] "GET / HTTP/1.1" 302 - "-" "Mozilla/5.0 (Macintosh; Intel Mac OS X 10_10_3) AppleWebKit/537.36 (KHTML, like Gecko) Chrome/42.0.2311.135 Safari/537.36"
0:0:0:0:0:0:0:1 - - [07/May/2015:06:49:45 +0000] "GET /login HTTP/1.1" 200 - "-" "Mozilla/5.0 (Macintosh; Intel Mac OS X 10_10_3) AppleWebKit/537.36 (KHTML, like Gecko) Chrome/42.0.2311.135 Safari/537.36"
0:0:0:0:0:0:0:1 - - [07/May/2015:06:49:45 +0000] "GET /files/templates/signin.css HTTP/1.1" 200 792 "http://localhost:8080/login" "Mozilla/5.0 (Macintosh; Intel Mac OS X 10_10_3) AppleWebKit/537.36 (KHTML, like Gecko) Chrome/42.0.2311.135 Safari/537.36"
0:0:0:0:0:0:0:1 - - [07/May/2015:06:49:45 +0000] "GET /files/templates/custom.css HTTP/1.1" 200 10178 "http://localhost:8080/login" "Mozilla/5.0 (Macintosh; Intel Mac OS X 10_10_3) AppleWebKit/537.36 (KHTML, like Gecko) Chrome/42.0.2311.135 Safari/537.36"
0:0:0:0:0:0:0:1 - - [07/May/2015:06:49:45 +0000] "GET /files/templates/icon-mail-light.png HTTP/1.1" 200 4695 "http://localhost:8080/login" "Mozilla/5.0 (Macintosh; Intel Mac OS X 10_10_3) AppleWebKit/537.36 (KHTML, like Gecko) Chrome/42.0.2311.135 Safari/537.36"
0:0:0:0:0:0:0:1 - - [07/May/2015:06:49:45 +0000] "GET /files/templates/fromweb/bootstrap.min.css HTTP/1.1" 200 117305 "http://localhost:8080/login" "Mozilla/5.0 (Macintosh; Intel Mac OS X 10_10_3) AppleWebKit/537.36 (KHTML, like Gecko) Chrome/42.0.2311.135 Safari/537.36"
0:0:0:0:0:0:0:1 - - [07/May/2015:06:49:45 +0000] "GET /files/templates/mail.jpg HTTP/1.1" 200 16837 "http://localhost:8080/files/templates/custom.css" "Mozilla/5.0 (Macintosh; Intel Mac OS X 10_10_3) AppleWebKit/537.36 (KHTML, like Gecko) Chrome/42.0.2311.135 Safari/537.36"
0:0:0:0:0:0:0:1 - - [07/May/2015:06:49:48 +0000] "GET /register HTTP/1.1" 200 - "http://localhost:8080/login" "Mozilla/5.0 (Macintosh; Intel Mac OS X 10_10_3) AppleWebKit/537.36 (KHTML, like Gecko) Chrome/42.0.2311.135 Safari/537.36"
0:0:0:0:0:0:0:1 - - [07/May/2015:06:49:48 +0000] "GET /files/templates/validator/formValidation.css HTTP/1.1" 200 4293 "http://localhost:8080/register" "Mozilla/5.0 (Macintosh; Intel Mac OS X 10_10_3) AppleWebKit/537.36 (KHTML, like Gecko) Chrome/42.0.2311.135 Safari/537.36"
0:0:0:0:0:0:0:1 - - [07/May/2015:06:49:48 +0000] "GET /files/templates/validator/bootstrap.js HTTP/1.1" 200 10774 "http://localhost:8080/register" "Mozilla/5.0 (Macintosh; Intel Mac OS X 10_10_3) AppleWebKit/537.36 (KHTML, like Gecko) Chrome/42.0.2311.135 Safari/537.36"
0:0:0:0:0:0:0:1 - - [07/May/2015:06:49:48 +0000] "GET /files/templates/validator/jquery.min.js HTTP/1.1" 200 95931 "http://localhost:8080/register" "Mozilla/5.0 (Macintosh; Intel Mac OS X 10_10_3) AppleWebKit/537.36 (KHTML, like Gecko) Chrome/42.0.2311.135 Safari/537.36"
0:0:0:0:0:0:0:1 - - [07/May/2015:06:49:48 +0000] "GET /files/templates/validator/bootstrap.css HTTP/1.1" 200 137067 "http://localhost:8080/register" "Mozilla/5.0 (Macintosh; Intel Mac OS X 10_10_3) AppleWebKit/537.36 (KHTML, like Gecko) Chrome/42.0.2311.135 Safari/537.36"
0:0:0:0:0:0:0:1 - - [07/May/2015:06:49:48 +0000] "GET /files/templates/validator/bootstrap.min.js HTTP/1.1" 200 35601 "http://localhost:8080/register" "Mozilla/5.0 (Macintosh; Intel Mac OS X 10_10_3) AppleWebKit/537.36 (KHTML, like Gecko) Chrome/42.0.2311.135 Safari/537.36"
0:0:0:0:0:0:0:1 - - [07/May/2015:06:49:48 +0000] "GET /files/templates/validator/formValidation.js HTTP/1.1" 200 369194 "http://localhost:8080/register" "Mozilla/5.0 (Macintosh; Intel Mac OS X 10_10_3) AppleWebKit/537.36 (KHTML, like Gecko) Chrome/42.0.2311.135 Safari/537.36"
0:0:0:0:0:0:0:1 - - [07/May/2015:06:49:49 +0000] "GET /files/templates/register.js HTTP/1.1" 200 1878 "http://localhost:8080/register" "Mozilla/5.0 (Macintosh; Intel Mac OS X 10_10_3) AppleWebKit/537.36 (KHTML, like Gecko) Chrome/42.0.2311.135 Safari/537.36"
0:0:0:0:0:0:0:1 - - [07/May/2015:06:49:49 +0000] "GET /files/templates/Welcome.png HTTP/1.1" 200 37354 "http://localhost:8080/register" "Mozilla/5.0 (Macintosh; Intel Mac OS X 10_10_3) AppleWebKit/537.36 (KHTML, like Gecko) Chrome/42.0.2311.135 Safari/537.36"
0:0:0:0:0:0:0:1 - - [07/May/2015:06:49:49 +0000] "GET /files/templates/register.png HTTP/1.1" 200 186581 "http://localhost:8080/files/templates/custom.css" "Mozilla/5.0 (Macintosh; Intel Mac OS X 10_10_3) AppleWebKit/537.36 (KHTML, like Gecko) Chrome/42.0.2311.135 Safari/537.36"
0:0:0:0:0:0:0:1 - - [07/May/2015:06:50:10 +0000] "GET / HTTP/1.1" 302 - "-" "Mozilla/5.0 (Macintosh; Intel Mac OS X 10_10_3) AppleWebKit/537.36 (KHTML, like Gecko) Chrome/42.0.2311.135 Safari/537.36"
0:0:0:0:0:0:0:1 - - [07/May/2015:06:50:10 +0000] "GET /login HTTP/1.1" 200 - "-" "Mozilla/5.0 (Macintosh; Intel Mac OS X 10_10_3) AppleWebKit/537.36 (KHTML, like Gecko) Chrome/42.0.2311.135 Safari/537.36"
0:0:0:0:0:0:0:1 - - [07/May/2015:06:50:10 +0000] "GET /files/templates/fromweb/bootstrap.min.css HTTP/1.1" 200 117305 "https://localhost:8081/login" "Mozilla/5.0 (Macintosh; Intel Mac OS X 10_10_3) AppleWebKit/537.36 (KHTML, like Gecko) Chrome/42.0.2311.135 Safari/537.36"
0:0:0:0:0:0:0:1 - - [07/May/2015:06:50:10 +0000] "GET /files/templates/icon-mail-light.png HTTP/1.1" 200 4695 "https://localhost:8081/login" "Mozilla/5.0 (Macintosh; Intel Mac OS X 10_10_3) AppleWebKit/537.36 (KHTML, like Gecko) Chrome/42.0.2311.135 Safari/537.36"
0:0:0:0:0:0:0:1 - - [07/May/2015:06:50:10 +0000] "GET /files/templates/signin.css HTTP/1.1" 200 792 "https://localhost:8081/login" "Mozilla/5.0 (Macintosh; Intel Mac OS X 10_10_3) AppleWebKit/537.36 (KHTML, like Gecko) Chrome/42.0.2311.135 Safari/537.36"
0:0:0:0:0:0:0:1 - - [07/May/2015:06:50:10 +0000] "GET /files/templates/custom.css HTTP/1.1" 200 10178 "https://localhost:8081/login" "Mozilla/5.0 (Macintosh; Intel Mac OS X 10_10_3) AppleWebKit/537.36 (KHTML, like Gecko) Chrome/42.0.2311.135 Safari/537.36"
0:0:0:0:0:0:0:1 - - [07/May/2015:06:50:10 +0000] "GET /files/templates/mail.jpg HTTP/1.1" 200 16837 "https://localhost:8081/files/templates/custom.css" "Mozilla/5.0 (Macintosh; Intel Mac OS X 10_10_3) AppleWebKit/537.36 (KHTML, like Gecko) Chrome/42.0.2311.135 Safari/537.36"
0:0:0:0:0:0:0:1 - - [07/May/2015:06:50:12 +0000] "GET /register HTTP/1.1" 200 - "https://localhost:8081/login" "Mozilla/5.0 (Macintosh; Intel Mac OS X 10_10_3) AppleWebKit/537.36 (KHTML, like Gecko) Chrome/42.0.2311.135 Safari/537.36"
0:0:0:0:0:0:0:1 - - [07/May/2015:06:50:12 +0000] "GET /files/templates/validator/formValidation.css HTTP/1.1" 200 4293 "https://localhost:8081/register" "Mozilla/5.0 (Macintosh; Intel Mac OS X 10_10_3) AppleWebKit/537.36 (KHTML, like Gecko) Chrome/42.0.2311.135 Safari/537.36"
0:0:0:0:0:0:0:1 - - [07/May/2015:06:50:12 +0000] "GET /files/templates/validator/bootstrap.css HTTP/1.1" 200 137067 "https://localhost:8081/register" "Mozilla/5.0 (Macintosh; Intel Mac OS X 10_10_3) AppleWebKit/537.36 (KHTML, like Gecko) Chrome/42.0.2311.135 Safari/537.36"
0:0:0:0:0:0:0:1 - - [07/May/2015:06:50:12 +0000] "GET /files/templates/validator/bootstrap.min.js HTTP/1.1" 200 35601 "https://localhost:8081/register" "Mozilla/5.0 (Macintosh; Intel Mac OS X 10_10_3) AppleWebKit/537.36 (KHTML, like Gecko) Chrome/42.0.2311.135 Safari/537.36"
0:0:0:0:0:0:0:1 - - [07/May/2015:06:50:12 +0000] "GET /files/templates/validator/bootstrap.js HTTP/1.1" 200 10774 "https://localhost:8081/register" "Mozilla/5.0 (Macintosh; Intel Mac OS X 10_10_3) AppleWebKit/537.36 (KHTML, like Gecko) Chrome/42.0.2311.135 Safari/537.36"
0:0:0:0:0:0:0:1 - - [07/May/2015:06:50:12 +0000] "GET /files/templates/validator/formValidation.js HTTP/1.1" 200 369194 "https://localhost:8081/register" "Mozilla/5.0 (Macintosh; Intel Mac OS X 10_10_3) AppleWebKit/537.36 (KHTML, like Gecko) Chrome/42.0.2311.135 Safari/537.36"
0:0:0:0:0:0:0:1 - - [07/May/2015:06:50:12 +0000] "GET /files/templates/register.js HTTP/1.1" 200 1878 "https://localhost:8081/register" "Mozilla/5.0 (Macintosh; Intel Mac OS X 10_10_3) AppleWebKit/537.36 (KHTML, like Gecko) Chrome/42.0.2311.135 Safari/537.36"
0:0:0:0:0:0:0:1 - - [07/May/2015:06:50:12 +0000] "GET /files/templates/Welcome.png HTTP/1.1" 200 37354 "https://localhost:8081/register" "Mozilla/5.0 (Macintosh; Intel Mac OS X 10_10_3) AppleWebKit/537.36 (KHTML, like Gecko) Chrome/42.0.2311.135 Safari/537.36"
0:0:0:0:0:0:0:1 - - [07/May/2015:06:50:12 +0000] "GET /files/templates/validator/jquery.min.js HTTP/1.1" 200 95931 "https://localhost:8081/register" "Mozilla/5.0 (Macintosh; Intel Mac OS X 10_10_3) AppleWebKit/537.36 (KHTML, like Gecko) Chrome/42.0.2311.135 Safari/537.36"
0:0:0:0:0:0:0:1 - - [07/May/2015:06:50:12 +0000] "GET /files/templates/register.png HTTP/1.1" 200 186581 "https://localhost:8081/files/templates/custom.css" "Mozilla/5.0 (Macintosh; Intel Mac OS X 10_10_3) AppleWebKit/537.36 (KHTML, like Gecko) Chrome/42.0.2311.135 Safari/537.36"
0:0:0:0:0:0:0:1 - - [07/May/2015:06:59:44 +0000] "GET / HTTP/1.1" 302 - "-" "Mozilla/5.0 (Macintosh; Intel Mac OS X 10_10_3) AppleWebKit/537.36 (KHTML, like Gecko) Chrome/42.0.2311.135 Safari/537.36"
0:0:0:0:0:0:0:1 - - [07/May/2015:06:59:44 +0000] "GET /login HTTP/1.1" 200 - "-" "Mozilla/5.0 (Macintosh; Intel Mac OS X 10_10_3) AppleWebKit/537.36 (KHTML, like Gecko) Chrome/42.0.2311.135 Safari/537.36"
0:0:0:0:0:0:0:1 - - [07/May/2015:06:59:44 +0000] "GET /files/templates/signin.css HTTP/1.1" 304 - "http://localhost:8080/login" "Mozilla/5.0 (Macintosh; Intel Mac OS X 10_10_3) AppleWebKit/537.36 (KHTML, like Gecko) Chrome/42.0.2311.135 Safari/537.36"
0:0:0:0:0:0:0:1 - - [07/May/2015:06:59:44 +0000] "GET /files/templates/fromweb/bootstrap.min.css HTTP/1.1" 304 - "http://localhost:8080/login" "Mozilla/5.0 (Macintosh; Intel Mac OS X 10_10_3) AppleWebKit/537.36 (KHTML, like Gecko) Chrome/42.0.2311.135 Safari/537.36"
0:0:0:0:0:0:0:1 - - [07/May/2015:06:59:49 +0000] "POST /loginSubmit HTTP/1.1" 302 - "http://localhost:8080/login" "Mozilla/5.0 (Macintosh; Intel Mac OS X 10_10_3) AppleWebKit/537.36 (KHTML, like Gecko) Chrome/42.0.2311.135 Safari/537.36"
0:0:0:0:0:0:0:1 - - [07/May/2015:06:59:49 +0000] "GET /in?page=1 HTTP/1.1" 200 - "http://localhost:8080/login" "Mozilla/5.0 (Macintosh; Intel Mac OS X 10_10_3) AppleWebKit/537.36 (KHTML, like Gecko) Chrome/42.0.2311.135 Safari/537.36"
0:0:0:0:0:0:0:1 - - [07/May/2015:06:59:51 +0000] "GET /files/templates/home_files/ie-emulation-modes-warning.js HTTP/1.1" 200 2132 "http://localhost:8080/in?page=1" "Mozilla/5.0 (Macintosh; Intel Mac OS X 10_10_3) AppleWebKit/537.36 (KHTML, like Gecko) Chrome/42.0.2311.135 Safari/537.36"
0:0:0:0:0:0:0:1 - - [07/May/2015:06:59:51 +0000] "GET /files/templates/dashboard.css HTTP/1.1" 200 1556 "http://localhost:8080/in?page=1" "Mozilla/5.0 (Macintosh; Intel Mac OS X 10_10_3) AppleWebKit/537.36 (KHTML, like Gecko) Chrome/42.0.2311.135 Safari/537.36"
0:0:0:0:0:0:0:1 - - [07/May/2015:06:59:51 +0000] "GET /files/templates/welcome01.png HTTP/1.1" 200 16121 "http://localhost:8080/in?page=1" "Mozilla/5.0 (Macintosh; Intel Mac OS X 10_10_3) AppleWebKit/537.36 (KHTML, like Gecko) Chrome/42.0.2311.135 Safari/537.36"
0:0:0:0:0:0:0:1 - - [07/May/2015:06:59:51 +0000] "GET /files/templates/home_files/ie10-viewport-bug-workaround.js HTTP/1.1" 200 694 "http://localhost:8080/in?page=1" "Mozilla/5.0 (Macintosh; Intel Mac OS X 10_10_3) AppleWebKit/537.36 (KHTML, like Gecko) Chrome/42.0.2311.135 Safari/537.36"
0:0:0:0:0:0:0:1 - - [07/May/2015:06:59:51 +0000] "GET /files/templates/home_files/holder.js HTTP/1.1" 200 23861 "http://localhost:8080/in?page=1" "Mozilla/5.0 (Macintosh; Intel Mac OS X 10_10_3) AppleWebKit/537.36 (KHTML, like Gecko) Chrome/42.0.2311.135 Safari/537.36"
0:0:0:0:0:0:0:1 - - [07/May/2015:06:59:51 +0000] "GET /files/templates/trash.png HTTP/1.1" 200 5244 "http://localhost:8080/in?page=1" "Mozilla/5.0 (Macintosh; Intel Mac OS X 10_10_3) AppleWebKit/537.36 (KHTML, like Gecko) Chrome/42.0.2311.135 Safari/537.36"
0:0:0:0:0:0:0:1 - - [07/May/2015:06:59:51 +0000] "GET /files/templates/fonts/glyphicons-halflings-regular.woff2 HTTP/1.1" 404 334 "http://localhost:8080/files/templates/fromweb/bootstrap.min.css" "Mozilla/5.0 (Macintosh; Intel Mac OS X 10_10_3) AppleWebKit/537.36 (KHTML, like Gecko) Chrome/42.0.2311.135 Safari/537.36"
0:0:0:0:0:0:0:1 - - [07/May/2015:06:59:51 +0000] "GET /files/templates/fonts/glyphicons-halflings-regular.woff HTTP/1.1" 200 23424 "http://localhost:8080/files/templates/fromweb/bootstrap.min.css" "Mozilla/5.0 (Macintosh; Intel Mac OS X 10_10_3) AppleWebKit/537.36 (KHTML, like Gecko) Chrome/42.0.2311.135 Safari/537.36"
0:0:0:0:0:0:0:1 - - [07/May/2015:07:00:12 +0000] "GET /changepwd HTTP/1.1" 200 - "http://localhost:8080/in?page=1" "Mozilla/5.0 (Macintosh; Intel Mac OS X 10_10_3) AppleWebKit/537.36 (KHTML, like Gecko) Chrome/42.0.2311.135 Safari/537.36"
0:0:0:0:0:0:0:1 - - [07/May/2015:07:00:12 +0000] "GET /files/templates/changepwd.js HTTP/1.1" 200 1327 "http://localhost:8080/changepwd" "Mozilla/5.0 (Macintosh; Intel Mac OS X 10_10_3) AppleWebKit/537.36 (KHTML, like Gecko) Chrome/42.0.2311.135 Safari/537.36"
0:0:0:0:0:0:0:1 - - [07/May/2015:07:00:55 +0000] "GET /addMail HTTP/1.1" 200 - "http://localhost:8080/in?page=1" "Mozilla/5.0 (Macintosh; Intel Mac OS X 10_10_3) AppleWebKit/537.36 (KHTML, like Gecko) Chrome/42.0.2311.135 Safari/537.36"
0:0:0:0:0:0:0:1 - - [07/May/2015:07:00:55 +0000] "GET /files/templates/add.js HTTP/1.1" 200 2471 "http://localhost:8080/addMail" "Mozilla/5.0 (Macintosh; Intel Mac OS X 10_10_3) AppleWebKit/537.36 (KHTML, like Gecko) Chrome/42.0.2311.135 Safari/537.36"
