0:0:0:0:0:0:0:1 - - [13/May/2015:16:21:58 +0000] "GET / HTTP/1.1" 302 - "-" "Mozilla/5.0 (Macintosh; Intel Mac OS X 10_10_3) AppleWebKit/537.36 (KHTML, like Gecko) Chrome/42.0.2311.135 Safari/537.36"
0:0:0:0:0:0:0:1 - - [13/May/2015:16:21:58 +0000] "GET /login HTTP/1.1" 200 - "-" "Mozilla/5.0 (Macintosh; Intel Mac OS X 10_10_3) AppleWebKit/537.36 (KHTML, like Gecko) Chrome/42.0.2311.135 Safari/537.36"
0:0:0:0:0:0:0:1 - - [13/May/2015:16:21:58 +0000] "GET /files/templates/signin.css HTTP/1.1" 200 792 "http://localhost:8080/login" "Mozilla/5.0 (Macintosh; Intel Mac OS X 10_10_3) AppleWebKit/537.36 (KHTML, like Gecko) Chrome/42.0.2311.135 Safari/537.36"
0:0:0:0:0:0:0:1 - - [13/May/2015:16:21:58 +0000] "GET /files/templates/custom.css HTTP/1.1" 200 10178 "http://localhost:8080/login" "Mozilla/5.0 (Macintosh; Intel Mac OS X 10_10_3) AppleWebKit/537.36 (KHTML, like Gecko) Chrome/42.0.2311.135 Safari/537.36"
0:0:0:0:0:0:0:1 - - [13/May/2015:16:21:58 +0000] "GET /files/templates/icon-mail-light.png HTTP/1.1" 200 4695 "http://localhost:8080/login" "Mozilla/5.0 (Macintosh; Intel Mac OS X 10_10_3) AppleWebKit/537.36 (KHTML, like Gecko) Chrome/42.0.2311.135 Safari/537.36"
0:0:0:0:0:0:0:1 - - [13/May/2015:16:21:58 +0000] "GET /files/templates/fromweb/bootstrap.min.css HTTP/1.1" 200 117305 "http://localhost:8080/login" "Mozilla/5.0 (Macintosh; Intel Mac OS X 10_10_3) AppleWebKit/537.36 (KHTML, like Gecko) Chrome/42.0.2311.135 Safari/537.36"
0:0:0:0:0:0:0:1 - - [13/May/2015:16:21:58 +0000] "GET /files/templates/mail.jpg HTTP/1.1" 200 16837 "http://localhost:8080/files/templates/custom.css" "Mozilla/5.0 (Macintosh; Intel Mac OS X 10_10_3) AppleWebKit/537.36 (KHTML, like Gecko) Chrome/42.0.2311.135 Safari/537.36"
0:0:0:0:0:0:0:1 - - [13/May/2015:16:22:48 +0000] "POST /loginSubmit HTTP/1.1" 302 - "http://localhost:8080/login" "Mozilla/5.0 (Macintosh; Intel Mac OS X 10_10_3) AppleWebKit/537.36 (KHTML, like Gecko) Chrome/42.0.2311.135 Safari/537.36"
0:0:0:0:0:0:0:1 - - [13/May/2015:16:22:48 +0000] "GET /in?page=1 HTTP/1.1" 200 - "http://localhost:8080/login" "Mozilla/5.0 (Macintosh; Intel Mac OS X 10_10_3) AppleWebKit/537.36 (KHTML, like Gecko) Chrome/42.0.2311.135 Safari/537.36"
0:0:0:0:0:0:0:1 - - [13/May/2015:16:22:58 +0000] "GET /files/templates/dashboard.css HTTP/1.1" 200 1556 "http://localhost:8080/in?page=1" "Mozilla/5.0 (Macintosh; Intel Mac OS X 10_10_3) AppleWebKit/537.36 (KHTML, like Gecko) Chrome/42.0.2311.135 Safari/537.36"
0:0:0:0:0:0:0:1 - - [13/May/2015:16:22:58 +0000] "GET /files/templates/home_files/ie-emulation-modes-warning.js HTTP/1.1" 200 2132 "http://localhost:8080/in?page=1" "Mozilla/5.0 (Macintosh; Intel Mac OS X 10_10_3) AppleWebKit/537.36 (KHTML, like Gecko) Chrome/42.0.2311.135 Safari/537.36"
0:0:0:0:0:0:0:1 - - [13/May/2015:16:22:58 +0000] "GET /files/templates/welcome01.png HTTP/1.1" 200 16121 "http://localhost:8080/in?page=1" "Mozilla/5.0 (Macintosh; Intel Mac OS X 10_10_3) AppleWebKit/537.36 (KHTML, like Gecko) Chrome/42.0.2311.135 Safari/537.36"
0:0:0:0:0:0:0:1 - - [13/May/2015:16:22:58 +0000] "GET /files/templates/home_files/ie10-viewport-bug-workaround.js HTTP/1.1" 200 694 "http://localhost:8080/in?page=1" "Mozilla/5.0 (Macintosh; Intel Mac OS X 10_10_3) AppleWebKit/537.36 (KHTML, like Gecko) Chrome/42.0.2311.135 Safari/537.36"
0:0:0:0:0:0:0:1 - - [13/May/2015:16:22:58 +0000] "GET /files/templates/home_files/holder.js HTTP/1.1" 200 23861 "http://localhost:8080/in?page=1" "Mozilla/5.0 (Macintosh; Intel Mac OS X 10_10_3) AppleWebKit/537.36 (KHTML, like Gecko) Chrome/42.0.2311.135 Safari/537.36"
0:0:0:0:0:0:0:1 - - [13/May/2015:16:22:58 +0000] "GET /files/templates/trash.png HTTP/1.1" 200 5244 "http://localhost:8080/in?page=1" "Mozilla/5.0 (Macintosh; Intel Mac OS X 10_10_3) AppleWebKit/537.36 (KHTML, like Gecko) Chrome/42.0.2311.135 Safari/537.36"
0:0:0:0:0:0:0:1 - - [13/May/2015:16:22:59 +0000] "GET /files/templates/fonts/glyphicons-halflings-regular.woff2 HTTP/1.1" 404 334 "http://localhost:8080/files/templates/fromweb/bootstrap.min.css" "Mozilla/5.0 (Macintosh; Intel Mac OS X 10_10_3) AppleWebKit/537.36 (KHTML, like Gecko) Chrome/42.0.2311.135 Safari/537.36"
0:0:0:0:0:0:0:1 - - [13/May/2015:16:22:59 +0000] "GET /files/templates/fonts/glyphicons-halflings-regular.woff HTTP/1.1" 200 23424 "http://localhost:8080/files/templates/fromweb/bootstrap.min.css" "Mozilla/5.0 (Macintosh; Intel Mac OS X 10_10_3) AppleWebKit/537.36 (KHTML, like Gecko) Chrome/42.0.2311.135 Safari/537.36"
0:0:0:0:0:0:0:1 - - [13/May/2015:16:23:04 +0000] "GET /mail?id=109 HTTP/1.1" 200 - "http://localhost:8080/in?page=1" "Mozilla/5.0 (Macintosh; Intel Mac OS X 10_10_3) AppleWebKit/537.36 (KHTML, like Gecko) Chrome/42.0.2311.135 Safari/537.36"
0:0:0:0:0:0:0:1 - - [13/May/2015:16:23:05 +0000] "GET /files/templates/fonts/glyphicons-halflings-regular.woff2 HTTP/1.1" 404 334 "http://localhost:8080/files/templates/fromweb/bootstrap.min.css" "Mozilla/5.0 (Macintosh; Intel Mac OS X 10_10_3) AppleWebKit/537.36 (KHTML, like Gecko) Chrome/42.0.2311.135 Safari/537.36"
0:0:0:0:0:0:0:1 - - [13/May/2015:16:23:06 +0000] "GET /download?att=18 HTTP/1.1" 200 1183670 "http://localhost:8080/mail?id=109" "Mozilla/5.0 (Macintosh; Intel Mac OS X 10_10_3) AppleWebKit/537.36 (KHTML, like Gecko) Chrome/42.0.2311.135 Safari/537.36"
0:0:0:0:0:0:0:1 - - [13/May/2015:16:23:23 +0000] "GET /addFolder HTTP/1.1" 200 - "http://localhost:8080/mail?id=109" "Mozilla/5.0 (Macintosh; Intel Mac OS X 10_10_3) AppleWebKit/537.36 (KHTML, like Gecko) Chrome/42.0.2311.135 Safari/537.36"
0:0:0:0:0:0:0:1 - - [13/May/2015:16:23:23 +0000] "GET /files/templates/validator/formValidation.css HTTP/1.1" 200 4293 "http://localhost:8080/addFolder" "Mozilla/5.0 (Macintosh; Intel Mac OS X 10_10_3) AppleWebKit/537.36 (KHTML, like Gecko) Chrome/42.0.2311.135 Safari/537.36"
0:0:0:0:0:0:0:1 - - [13/May/2015:16:23:23 +0000] "GET /files/templates/validator/jquery.min.js HTTP/1.1" 200 95931 "http://localhost:8080/addFolder" "Mozilla/5.0 (Macintosh; Intel Mac OS X 10_10_3) AppleWebKit/537.36 (KHTML, like Gecko) Chrome/42.0.2311.135 Safari/537.36"
0:0:0:0:0:0:0:1 - - [13/May/2015:16:23:23 +0000] "GET /files/templates/validator/bootstrap.css HTTP/1.1" 200 137067 "http://localhost:8080/addFolder" "Mozilla/5.0 (Macintosh; Intel Mac OS X 10_10_3) AppleWebKit/537.36 (KHTML, like Gecko) Chrome/42.0.2311.135 Safari/537.36"
0:0:0:0:0:0:0:1 - - [13/May/2015:16:23:23 +0000] "GET /files/templates/validator/bootstrap.min.js HTTP/1.1" 200 35601 "http://localhost:8080/addFolder" "Mozilla/5.0 (Macintosh; Intel Mac OS X 10_10_3) AppleWebKit/537.36 (KHTML, like Gecko) Chrome/42.0.2311.135 Safari/537.36"
0:0:0:0:0:0:0:1 - - [13/May/2015:16:23:23 +0000] "GET /files/templates/validator/bootstrap.js HTTP/1.1" 200 10774 "http://localhost:8080/addFolder" "Mozilla/5.0 (Macintosh; Intel Mac OS X 10_10_3) AppleWebKit/537.36 (KHTML, like Gecko) Chrome/42.0.2311.135 Safari/537.36"
0:0:0:0:0:0:0:1 - - [13/May/2015:16:23:23 +0000] "GET /files/templates/validator/formValidation.js HTTP/1.1" 200 369194 "http://localhost:8080/addFolder" "Mozilla/5.0 (Macintosh; Intel Mac OS X 10_10_3) AppleWebKit/537.36 (KHTML, like Gecko) Chrome/42.0.2311.135 Safari/537.36"
0:0:0:0:0:0:0:1 - - [13/May/2015:16:23:23 +0000] "GET /files/templates/add.js HTTP/1.1" 200 2471 "http://localhost:8080/addFolder" "Mozilla/5.0 (Macintosh; Intel Mac OS X 10_10_3) AppleWebKit/537.36 (KHTML, like Gecko) Chrome/42.0.2311.135 Safari/537.36"
0:0:0:0:0:0:0:1 - - [13/May/2015:16:23:28 +0000] "POST /addFolderSubmit HTTP/1.1" 302 - "http://localhost:8080/addFolder" "Mozilla/5.0 (Macintosh; Intel Mac OS X 10_10_3) AppleWebKit/537.36 (KHTML, like Gecko) Chrome/42.0.2311.135 Safari/537.36"
0:0:0:0:0:0:0:1 - - [13/May/2015:16:23:28 +0000] "GET /in?page=1 HTTP/1.1" 200 - "http://localhost:8080/addFolder" "Mozilla/5.0 (Macintosh; Intel Mac OS X 10_10_3) AppleWebKit/537.36 (KHTML, like Gecko) Chrome/42.0.2311.135 Safari/537.36"
0:0:0:0:0:0:0:1 - - [13/May/2015:16:23:29 +0000] "GET /files/templates/fonts/glyphicons-halflings-regular.woff2 HTTP/1.1" 404 334 "http://localhost:8080/files/templates/fromweb/bootstrap.min.css" "Mozilla/5.0 (Macintosh; Intel Mac OS X 10_10_3) AppleWebKit/537.36 (KHTML, like Gecko) Chrome/42.0.2311.135 Safari/537.36"
0:0:0:0:0:0:0:1 - - [13/May/2015:16:23:32 +0000] "GET /mail?id=17 HTTP/1.1" 200 - "http://localhost:8080/in?page=1" "Mozilla/5.0 (Macintosh; Intel Mac OS X 10_10_3) AppleWebKit/537.36 (KHTML, like Gecko) Chrome/42.0.2311.135 Safari/537.36"
0:0:0:0:0:0:0:1 - - [13/May/2015:16:23:32 +0000] "GET /files/templates/fonts/glyphicons-halflings-regular.woff2 HTTP/1.1" 404 334 "http://localhost:8080/files/templates/fromweb/bootstrap.min.css" "Mozilla/5.0 (Macintosh; Intel Mac OS X 10_10_3) AppleWebKit/537.36 (KHTML, like Gecko) Chrome/42.0.2311.135 Safari/537.36"
0:0:0:0:0:0:0:1 - - [13/May/2015:16:23:38 +0000] "GET /saveTo?type=dfdfdf&mailID=17 HTTP/1.1" 302 - "http://localhost:8080/mail?id=17" "Mozilla/5.0 (Macintosh; Intel Mac OS X 10_10_3) AppleWebKit/537.36 (KHTML, like Gecko) Chrome/42.0.2311.135 Safari/537.36"
0:0:0:0:0:0:0:1 - - [13/May/2015:16:23:38 +0000] "GET /in?page=1 HTTP/1.1" 200 - "http://localhost:8080/mail?id=17" "Mozilla/5.0 (Macintosh; Intel Mac OS X 10_10_3) AppleWebKit/537.36 (KHTML, like Gecko) Chrome/42.0.2311.135 Safari/537.36"
0:0:0:0:0:0:0:1 - - [13/May/2015:16:23:40 +0000] "GET /files/templates/fonts/glyphicons-halflings-regular.woff2 HTTP/1.1" 404 334 "http://localhost:8080/files/templates/fromweb/bootstrap.min.css" "Mozilla/5.0 (Macintosh; Intel Mac OS X 10_10_3) AppleWebKit/537.36 (KHTML, like Gecko) Chrome/42.0.2311.135 Safari/537.36"
0:0:0:0:0:0:0:1 - - [13/May/2015:16:23:43 +0000] "GET /folder?type=dfdfdf&page=1 HTTP/1.1" 200 - "http://localhost:8080/in?page=1" "Mozilla/5.0 (Macintosh; Intel Mac OS X 10_10_3) AppleWebKit/537.36 (KHTML, like Gecko) Chrome/42.0.2311.135 Safari/537.36"
0:0:0:0:0:0:0:1 - - [13/May/2015:16:23:44 +0000] "GET /files/templates/fonts/glyphicons-halflings-regular.woff2 HTTP/1.1" 404 334 "http://localhost:8080/files/templates/fromweb/bootstrap.min.css" "Mozilla/5.0 (Macintosh; Intel Mac OS X 10_10_3) AppleWebKit/537.36 (KHTML, like Gecko) Chrome/42.0.2311.135 Safari/537.36"
0:0:0:0:0:0:0:1 - - [13/May/2015:16:24:16 +0000] "GET /addFolder HTTP/1.1" 200 - "http://localhost:8080/folder?type=dfdfdf&page=1" "Mozilla/5.0 (Macintosh; Intel Mac OS X 10_10_3) AppleWebKit/537.36 (KHTML, like Gecko) Chrome/42.0.2311.135 Safari/537.36"
0:0:0:0:0:0:0:1 - - [13/May/2015:16:24:23 +0000] "POST /addFolderSubmit HTTP/1.1" 302 - "http://localhost:8080/addFolder" "Mozilla/5.0 (Macintosh; Intel Mac OS X 10_10_3) AppleWebKit/537.36 (KHTML, like Gecko) Chrome/42.0.2311.135 Safari/537.36"
0:0:0:0:0:0:0:1 - - [13/May/2015:16:24:23 +0000] "GET /in?page=1 HTTP/1.1" 200 - "http://localhost:8080/addFolder" "Mozilla/5.0 (Macintosh; Intel Mac OS X 10_10_3) AppleWebKit/537.36 (KHTML, like Gecko) Chrome/42.0.2311.135 Safari/537.36"
0:0:0:0:0:0:0:1 - - [13/May/2015:16:24:25 +0000] "GET /files/templates/fonts/glyphicons-halflings-regular.woff2 HTTP/1.1" 404 334 "http://localhost:8080/files/templates/fromweb/bootstrap.min.css" "Mozilla/5.0 (Macintosh; Intel Mac OS X 10_10_3) AppleWebKit/537.36 (KHTML, like Gecko) Chrome/42.0.2311.135 Safari/537.36"
0:0:0:0:0:0:0:1 - - [13/May/2015:16:24:31 +0000] "GET /mail?id=4 HTTP/1.1" 200 - "http://localhost:8080/in?page=1" "Mozilla/5.0 (Macintosh; Intel Mac OS X 10_10_3) AppleWebKit/537.36 (KHTML, like Gecko) Chrome/42.0.2311.135 Safari/537.36"
0:0:0:0:0:0:0:1 - - [13/May/2015:16:24:31 +0000] "GET /files/templates/fonts/glyphicons-halflings-regular.woff2 HTTP/1.1" 404 334 "http://localhost:8080/files/templates/fromweb/bootstrap.min.css" "Mozilla/5.0 (Macintosh; Intel Mac OS X 10_10_3) AppleWebKit/537.36 (KHTML, like Gecko) Chrome/42.0.2311.135 Safari/537.36"
0:0:0:0:0:0:0:1 - - [13/May/2015:16:24:33 +0000] "GET /saveTo?type=@ HTTP/1.1" 302 - "http://localhost:8080/mail?id=4" "Mozilla/5.0 (Macintosh; Intel Mac OS X 10_10_3) AppleWebKit/537.36 (KHTML, like Gecko) Chrome/42.0.2311.135 Safari/537.36"
0:0:0:0:0:0:0:1 - - [13/May/2015:16:24:33 +0000] "GET /error HTTP/1.1" 200 - "http://localhost:8080/mail?id=4" "Mozilla/5.0 (Macintosh; Intel Mac OS X 10_10_3) AppleWebKit/537.36 (KHTML, like Gecko) Chrome/42.0.2311.135 Safari/537.36"
0:0:0:0:0:0:0:1 - - [13/May/2015:16:24:34 +0000] "GET /favicon.ico HTTP/1.1" 302 - "http://localhost:8080/error" "Mozilla/5.0 (Macintosh; Intel Mac OS X 10_10_3) AppleWebKit/537.36 (KHTML, like Gecko) Chrome/42.0.2311.135 Safari/537.36"
0:0:0:0:0:0:0:1 - - [13/May/2015:16:24:34 +0000] "GET /error HTTP/1.1" 200 - "http://localhost:8080/error" "Mozilla/5.0 (Macintosh; Intel Mac OS X 10_10_3) AppleWebKit/537.36 (KHTML, like Gecko) Chrome/42.0.2311.135 Safari/537.36"
0:0:0:0:0:0:0:1 - - [13/May/2015:16:26:02 +0000] "GET /sendMail HTTP/1.1" 200 - "http://localhost:8080/mail?id=4" "Mozilla/5.0 (Macintosh; Intel Mac OS X 10_10_3) AppleWebKit/537.36 (KHTML, like Gecko) Chrome/42.0.2311.135 Safari/537.36"
0:0:0:0:0:0:0:1 - - [13/May/2015:16:26:03 +0000] "GET /files/templates/fonts/glyphicons-halflings-regular.woff2 HTTP/1.1" 404 334 "http://localhost:8080/files/templates/fromweb/bootstrap.min.css" "Mozilla/5.0 (Macintosh; Intel Mac OS X 10_10_3) AppleWebKit/537.36 (KHTML, like Gecko) Chrome/42.0.2311.135 Safari/537.36"
0:0:0:0:0:0:0:1 - - [13/May/2015:16:26:13 +0000] "GET /in?page=1 HTTP/1.1" 200 - "http://localhost:8080/sendMail" "Mozilla/5.0 (Macintosh; Intel Mac OS X 10_10_3) AppleWebKit/537.36 (KHTML, like Gecko) Chrome/42.0.2311.135 Safari/537.36"
0:0:0:0:0:0:0:1 - - [13/May/2015:16:26:15 +0000] "GET /files/templates/fonts/glyphicons-halflings-regular.woff2 HTTP/1.1" 404 334 "http://localhost:8080/files/templates/fromweb/bootstrap.min.css" "Mozilla/5.0 (Macintosh; Intel Mac OS X 10_10_3) AppleWebKit/537.36 (KHTML, like Gecko) Chrome/42.0.2311.135 Safari/537.36"
0:0:0:0:0:0:0:1 - - [13/May/2015:16:26:32 +0000] "GET /trash?page=1 HTTP/1.1" 200 - "http://localhost:8080/in?page=1" "Mozilla/5.0 (Macintosh; Intel Mac OS X 10_10_3) AppleWebKit/537.36 (KHTML, like Gecko) Chrome/42.0.2311.135 Safari/537.36"
0:0:0:0:0:0:0:1 - - [13/May/2015:16:26:33 +0000] "GET /files/templates/fonts/glyphicons-halflings-regular.woff2 HTTP/1.1" 404 334 "http://localhost:8080/files/templates/fromweb/bootstrap.min.css" "Mozilla/5.0 (Macintosh; Intel Mac OS X 10_10_3) AppleWebKit/537.36 (KHTML, like Gecko) Chrome/42.0.2311.135 Safari/537.36"
0:0:0:0:0:0:0:1 - - [13/May/2015:16:26:35 +0000] "GET /empty HTTP/1.1" 302 - "http://localhost:8080/trash?page=1" "Mozilla/5.0 (Macintosh; Intel Mac OS X 10_10_3) AppleWebKit/537.36 (KHTML, like Gecko) Chrome/42.0.2311.135 Safari/537.36"
0:0:0:0:0:0:0:1 - - [13/May/2015:16:26:35 +0000] "GET /trash?page=1 HTTP/1.1" 200 - "http://localhost:8080/trash?page=1" "Mozilla/5.0 (Macintosh; Intel Mac OS X 10_10_3) AppleWebKit/537.36 (KHTML, like Gecko) Chrome/42.0.2311.135 Safari/537.36"
0:0:0:0:0:0:0:1 - - [13/May/2015:16:26:36 +0000] "GET /files/templates/fonts/glyphicons-halflings-regular.woff2 HTTP/1.1" 404 334 "http://localhost:8080/files/templates/fromweb/bootstrap.min.css" "Mozilla/5.0 (Macintosh; Intel Mac OS X 10_10_3) AppleWebKit/537.36 (KHTML, like Gecko) Chrome/42.0.2311.135 Safari/537.36"
0:0:0:0:0:0:0:1 - - [13/May/2015:16:27:57 +0000] "GET /logout HTTP/1.1" 200 - "http://localhost:8080/trash?page=1" "Mozilla/5.0 (Macintosh; Intel Mac OS X 10_10_3) AppleWebKit/537.36 (KHTML, like Gecko) Chrome/42.0.2311.135 Safari/537.36"
0:0:0:0:0:0:0:1 - - [13/May/2015:16:28:00 +0000] "GET /login HTTP/1.1" 200 - "http://localhost:8080/logout" "Mozilla/5.0 (Macintosh; Intel Mac OS X 10_10_3) AppleWebKit/537.36 (KHTML, like Gecko) Chrome/42.0.2311.135 Safari/537.36"
